{"level":"error","message":"Error al cargar los carritos 13/10/2023, 9:15:01"}
{"level":"error","message":"Error al cargar los carritos 13/10/2023, 9:16:38"}
{"level":"error","message":"Error al cargar los carritos 13/10/2023, 9:18:50"}
{"level":"error","message":"Error al cargar los carritos 13/10/2023, 17:13:52"}
{"level":"error","message":"Error al cargar los carritos 13/10/2023, 17:17:36"}
{"level":"error","message":"Error al cargar los carritos 13/10/2023, 17:20:17"}
{"level":"error","message":"Error al cargar los carritos 13/10/2023, 17:22:55"}
{"level":"error","message":"Error al cargar los carritos 13/10/2023, 17:23:51"}
{"level":"error","message":"Error al cargar los carritos 13/10/2023, 17:26:49"}
{"level":"error","message":"Error al cargar los carritos 13/10/2023, 17:28:26"}
{"level":"error","message":"Error al cargar los carritos 13/10/2023, 17:30:16"}
{"level":"error","message":"Error al cargar los carritos 13/10/2023, 17:32:58"}
{"level":"error","message":"Error al cargar los carritos 13/10/2023, 17:34:48"}
{"level":"error","message":"Error al cargar los carritos 13/10/2023, 17:50:38"}
{"level":"error","message":"Error al cargar los carritos 13/10/2023, 17:51:11"}
{"level":"error","message":"Error al cargar los carritos 13/10/2023, 17:51:44"}
{"level":"error","message":"Error al cargar los carritos 13/10/2023, 17:52:04"}
{"level":"error","message":"Error al cargar los carritos 13/10/2023, 17:54:18"}
{"level":"error","message":"Error al cargar los carritos 13/10/2023, 17:54:55"}
{"level":"error","message":"Error al cargar los carritos 13/10/2023, 17:55:45"}
{"level":"error","message":"Error al cargar los carritos 13/10/2023, 17:56:17"}
{"level":"error","message":"Error al cargar los carritos 13/10/2023, 17:57:24"}
{"level":"error","message":"Authentication error. Failed to authenticate user 16/10/2023, 12:59:44"}
{"level":"error","message":"Authentication error. Failed to verify token 16/10/2023, 16:22:37"}
{"level":"error","message":"Authentication error. Failed to verify token 16/10/2023, 16:22:37"}
{"level":"error","message":"Authentication error. Failed to verify token 16/10/2023, 16:22:37"}
{"level":"error","message":"Authentication error. Failed to verify token 16/10/2023, 16:22:37"}
{"level":"error","message":"Authentication error. Failed to verify token 16/10/2023, 16:22:37"}
{"level":"error","message":"Authentication error. Failed to verify token 16/10/2023, 16:22:44"}
{"level":"error","message":"Authentication error. Failed to verify token 16/10/2023, 16:22:44"}
{"level":"error","message":"Authentication error. Failed to verify token 16/10/2023, 16:22:44"}
{"level":"error","message":"Authentication error. Failed to verify token 16/10/2023, 16:22:44"}
{"level":"error","message":"Authentication error. Failed to verify token 16/10/2023, 16:22:44"}
{"level":"error","message":"Authentication error. Failed to verify token 17/10/2023, 14:11:27"}
{"level":"error","message":"Authentication error. Failed to verify token 17/10/2023, 14:11:27"}
{"level":"error","message":"Authentication error. Failed to verify token 17/10/2023, 14:11:27"}
{"level":"error","message":"Authentication error. Failed to verify token 17/10/2023, 14:11:27"}
{"level":"error","message":"Authentication error. Failed to verify token 17/10/2023, 14:11:27"}
{"level":"error","message":"Authentication error. Failed to verify token 17/10/2023, 14:11:35"}
{"level":"error","message":"Authentication error. Failed to verify token 17/10/2023, 14:11:35"}
{"level":"error","message":"Authentication error. Failed to verify token 17/10/2023, 14:11:35"}
{"level":"error","message":"Authentication error. Failed to verify token 17/10/2023, 14:11:36"}
{"level":"error","message":"Authentication error. Failed to verify token 17/10/2023, 14:11:36"}
{"level":"error","message":"Error de tipo de dato: Error al finalizar la compra 17/10/2023, 15:44:38"}
{"level":"error","message":"Authentication error. Failed to verify token 17/10/2023, 15:45:35"}
{"level":"error","message":"Authentication error. Failed to verify token 17/10/2023, 15:45:35"}
{"level":"error","message":"Authentication error. Failed to verify token 17/10/2023, 15:45:41"}
{"level":"error","message":"Authentication error. Failed to verify token 17/10/2023, 15:45:41"}
{"level":"error","message":"Error de tipo de dato: Error al finalizar la compra 17/10/2023, 15:46:13"}
{"level":"error","message":"Error de tipo de dato: Error al finalizar la compra 17/10/2023, 15:50:16"}
{"level":"error","message":"Error de tipo de dato: Error al finalizar la compra 17/10/2023, 15:56:25"}
{"level":"error","message":"Error de tipo de dato: Error al finalizar la compra 17/10/2023, 15:57:18"}
{"level":"error","message":"Error de tipo de dato: Error al finalizar la compra 17/10/2023, 15:57:25"}
{"level":"error","message":"Error de tipo de dato: Error al finalizar la compra 17/10/2023, 15:59:17"}
{"level":"error","message":"Error de tipo de dato: Error al finalizar la compra 17/10/2023, 16:02:48"}
{"level":"error","message":"Error de tipo de dato: Error al finalizar la compra 17/10/2023, 19:50:20"}
{"level":"error","message":"Authentication error. Failed to verify token 17/10/2023, 20:16:07"}
{"level":"error","message":"Authentication error. Failed to verify token 17/10/2023, 20:16:07"}
{"level":"error","message":"Authentication error. Failed to verify token 17/10/2023, 20:19:57"}
{"level":"error","message":"Authentication error. Failed to verify token 17/10/2023, 20:19:57"}
{"level":"error","message":"Authentication error. Failed to verify token 18/10/2023, 10:03:17"}
{"level":"error","message":"Authentication error. Failed to verify token 18/10/2023, 10:03:18"}
{"level":"error","message":"Authentication error. Failed to verify token 18/10/2023, 14:00:16"}
{"level":"error","message":"Authentication error. Failed to verify token 18/10/2023, 14:00:16"}
{"level":"error","message":"Authentication error. User without permissions 18/10/2023, 14:31:41"}
{"level":"error","message":"Authentication error. User without permissions 18/10/2023, 14:32:39"}
{"level":"error","message":"Error de tipo de dato: Error al actualizar la contraseña 21/10/2023, 9:05:24"}
{"level":"error","message":"Error de tipo de dato: Error al actualizar la contraseña 21/10/2023, 9:07:54"}
{"level":"error","message":"Error de autenticación. El token no pudo ser verificado 21/10/2023, 9:17:31"}
{"level":"error","message":"Error de autenticación. El token no pudo ser verificado 21/10/2023, 9:20:53"}
{"level":"error","message":"Error de autenticación. El token no pudo ser verificado 21/10/2023, 9:21:33"}
{"level":"error","message":"Error de autenticación. El token no pudo ser verificado 21/10/2023, 9:22:12"}
{"level":"error","message":"Error de autenticación. El token no pudo ser verificado 21/10/2023, 9:36:38"}
{"level":"error","message":"Error de autenticación. El token no pudo ser verificado 21/10/2023, 9:37:44"}
{"level":"error","message":"Error de autenticación. El token no pudo ser verificado 21/10/2023, 9:39:28"}
{"level":"error","message":"Error de tipo de dato: Error al actualizar la contraseña 21/10/2023, 9:45:20"}
{"level":"error","message":"Error de tipo de dato: Error al actualizar la contraseña 21/10/2023, 9:46:14"}
{"level":"error","message":"Error de autenticación. El token no pudo ser verificado 21/10/2023, 10:00:26"}
{"level":"error","message":"Error de autenticación. El token no pudo ser verificado 21/10/2023, 15:45:21"}
{"level":"error","message":"Error de autenticación. El token no pudo ser verificado 21/10/2023, 15:45:39"}
{"level":"error","message":"Error de base de datos: La contraseña no puede ser igual a la anterior 21/10/2023, 16:03:38"}
{"level":"error","message":"Error de autenticación. El token no pudo ser verificado 21/10/2023, 16:03:54"}
{"level":"error","message":"Error de base de datos: La contraseña no puede ser igual a la anterior 21/10/2023, 16:04:15"}
{"level":"error","message":"Error de base de datos: La contraseña no puede ser igual a la anterior 21/10/2023, 16:06:21"}
{"level":"error","message":"Error de autenticación. El token no pudo ser verificado 21/10/2023, 16:06:44"}
{"level":"error","message":"Error de base de datos: La contraseña no puede ser igual a la anterior 21/10/2023, 16:09:13"}
{"level":"error","message":"Error de autenticación. El token no pudo ser verificado 21/10/2023, 16:13:15"}
{"level":"error","message":"Error de base de autenticación: La contraseña no puede ser igual a la anterior 21/10/2023, 16:13:37"}
{"level":"error","message":"Error de base de autenticación: La contraseña no puede ser igual a la anterior 21/10/2023, 16:14:10"}
{"level":"error","message":"Error de base de autenticación: La contraseña no puede ser igual a la anterior 21/10/2023, 16:14:49"}
{"level":"error","message":"Error de base de autenticación: La contraseña no puede ser igual a la anterior 21/10/2023, 16:15:46"}
{"level":"error","message":"Error de base de autenticación: La contraseña no puede ser igual a la anterior 21/10/2023, 16:16:23"}
{"level":"error","message":"Error de base de autenticación: La contraseña no puede ser igual a la anterior 21/10/2023, 16:22:25"}
{"level":"error","message":"Error de autenticación. El token no pudo ser verificado 21/10/2023, 16:44:58"}
{"level":"error","message":"Error de autenticación. El token no pudo ser verificado 21/10/2023, 16:45:58"}
{"level":"error","message":"Error de autenticación. El token no pudo ser verificado 21/10/2023, 16:46:10"}
{"level":"error","message":"Error de autenticación. El token no pudo ser verificado 21/10/2023, 16:50:29"}
{"level":"error","message":"Error de base de autenticación: La contraseña no puede ser igual a la anterior 21/10/2023, 19:45:17"}
{"level":"error","message":"Error de base de autenticación: La contraseña no puede ser igual a la anterior 21/10/2023, 19:46:09"}
{"level":"error","message":"Error de base de autenticación: La contraseña no puede ser igual a la anterior 21/10/2023, 19:48:23"}
{"level":"error","message":"Error de autenticación. El token no pudo ser verificado 21/10/2023, 19:49:18"}
{"level":"error","message":"Error de autenticación. El token no pudo ser verificado 21/10/2023, 19:55:10"}
{"level":"error","message":"Error de autenticación. El token no pudo ser verificado 21/10/2023, 19:56:13"}
{"level":"error","message":"Error de autenticación. El token no pudo ser verificado 21/10/2023, 19:58:38"}
{"level":"error","message":"Error de autenticación. El token no pudo ser verificado 21/10/2023, 20:00:35"}
{"level":"error","message":"Error de base de autenticación: La contraseña no puede ser igual a la anterior 21/10/2023, 20:01:09"}
{"level":"error","message":"Error de base de datos: Usuario no encontrado 21/10/2023, 20:39:26"}
{"level":"error","message":"Authentication error. Failed to verify token 22/10/2023, 9:55:02"}
{"level":"error","message":"Authentication error. Failed to verify token 22/10/2023, 9:55:02"}
{"level":"error","message":"Authentication error. Failed to verify token 22/10/2023, 9:55:02"}
{"level":"error","message":"Authentication error. Failed to verify token 22/10/2023, 9:55:02"}
{"level":"error","message":"Authentication error. Failed to verify token 22/10/2023, 9:55:02"}
{"level":"error","message":"Authentication error. User without permissions 22/10/2023, 13:21:09"}
{"level":"error","message":"Error de autenticación. Usuario sin paermisos 22/10/2023, 13:31:39"}
{"level":"error","message":"Error de autenticación. Usuario sin paermisos 22/10/2023, 13:32:19"}
{"level":"error","message":"Error de autenticación. Usuario sin paermisos 22/10/2023, 13:34:35"}
{"level":"error","message":"Error de autenticación. Usuario sin paermisos 22/10/2023, 13:36:22"}
{"level":"error","message":"Error de autenticación. Usuario sin paermisos 22/10/2023, 13:36:22"}
{"level":"error","message":"Error de autenticación. Usuario sin paermisos 22/10/2023, 13:36:22"}
{"level":"error","message":"Error de autenticación. Usuario sin paermisos 22/10/2023, 13:36:22"}
{"level":"error","message":"Error de autenticación. Usuario sin paermisos 22/10/2023, 13:36:22"}
{"level":"error","message":"Error de autenticación. Usuario sin paermisos 22/10/2023, 13:37:48"}
{"level":"error","message":"Error de autenticación. Usuario sin paermisos 22/10/2023, 13:37:48"}
{"level":"error","message":"Error de autenticación. Usuario sin paermisos 22/10/2023, 13:37:48"}
{"level":"error","message":"Error de autenticación. Usuario sin paermisos 22/10/2023, 13:37:48"}
{"level":"error","message":"Error de autenticación. Usuario sin paermisos 22/10/2023, 13:37:48"}
{"level":"error","message":"Error de autenticación. Usuario sin paermisos 22/10/2023, 13:39:19"}
{"level":"error","message":"Error de autenticación. Usuario sin paermisos 22/10/2023, 13:39:19"}
{"level":"error","message":"Error de autenticación. Usuario sin paermisos 22/10/2023, 13:39:19"}
{"level":"error","message":"Error de autenticación: Usuario no autorizado. 22/10/2023, 13:45:10"}
{"level":"error","message":"Error de autenticación: Usuario no autorizado. 22/10/2023, 13:45:10"}
{"level":"error","message":"Error de autenticación: Usuario no autorizado. 22/10/2023, 13:45:10"}
{"level":"error","message":"Error de autenticación: Usuario no autorizado. 22/10/2023, 13:45:10"}
{"level":"error","message":"Error de autenticación: Usuario no autorizado. 22/10/2023, 13:45:10"}
{"level":"error","message":"Error de autenticación: Usuario no autorizado. 22/10/2023, 13:46:04"}
{"level":"error","message":"Error de autenticación: Usuario no autorizado. 22/10/2023, 13:46:04"}
{"level":"error","message":"Error de autenticación: Usuario no autorizado. 22/10/2023, 13:46:04"}
{"level":"error","message":"Error de autenticación: Usuario no autorizado. 22/10/2023, 13:46:04"}
{"level":"error","message":"Error de autenticación: Usuario no autorizado. 22/10/2023, 13:46:04"}
{"level":"error","message":"Authentication error. Failed to verify token 22/10/2023, 17:31:13"}
{"level":"error","message":"Authentication error. Failed to verify token 22/10/2023, 17:31:13"}
{"level":"error","message":"Authentication error. Failed to verify token 22/10/2023, 17:31:13"}
{"level":"error","message":"Authentication error. Failed to verify token 22/10/2023, 17:31:13"}
{"level":"error","message":"Authentication error. Failed to verify token 22/10/2023, 17:31:13"}
{"level":"error","message":"Authentication error. Failed to verify token 22/10/2023, 17:31:15"}
{"level":"error","message":"Authentication error. Failed to verify token 22/10/2023, 17:31:15"}
{"level":"error","message":"Authentication error. Failed to verify token 22/10/2023, 17:31:15"}
{"level":"error","message":"Authentication error. Failed to verify token 22/10/2023, 17:31:15"}
{"level":"error","message":"Authentication error. Failed to verify token 22/10/2023, 17:31:15"}
{"level":"error","message":"Authentication error. Failed to verify token 22/10/2023, 17:31:27"}
{"level":"error","message":"Authentication error. Failed to verify token 22/10/2023, 17:31:27"}
{"level":"error","message":"Authentication error. Failed to verify token 22/10/2023, 17:31:27"}
{"level":"error","message":"Authentication error. Failed to verify token 22/10/2023, 17:31:27"}
{"level":"error","message":"Authentication error. Failed to verify token 22/10/2023, 17:31:27"}
{"level":"error","message":"Authentication error. Failed to verify token 22/10/2023, 17:31:40"}
{"level":"error","message":"Authentication error. Failed to verify token 22/10/2023, 17:31:40"}
{"level":"error","message":"Authentication error. Failed to verify token 22/10/2023, 17:31:40"}
{"level":"error","message":"Authentication error. Failed to verify token 22/10/2023, 17:31:40"}
{"level":"error","message":"Authentication error. Failed to verify token 22/10/2023, 17:31:40"}
{"level":"error","message":"Authentication error. Failed to verify token 22/10/2023, 20:13:47"}
{"level":"error","message":"Authentication error. Failed to verify token 22/10/2023, 20:13:47"}
{"level":"error","message":"Authentication error. Failed to verify token 23/10/2023, 12:44:40"}
{"level":"error","message":"Authentication error. Failed to verify token 23/10/2023, 12:44:40"}
{"level":"error","message":"Authentication error. Failed to verify token 23/10/2023, 12:44:53"}
{"level":"error","message":"Authentication error. Failed to verify token 23/10/2023, 12:44:55"}
{"level":"error","message":"Authentication error. Failed to verify token 23/10/2023, 12:44:55"}
{"level":"error","message":"Error de base de datos: Usuario no encontrado 23/10/2023, 14:34:07"}
{"level":"error","message":"Error de base de datos: Usuario no encontrado 23/10/2023, 14:36:48"}
{"level":"error","message":"Error de base de datos: Usuario no encontrado 23/10/2023, 14:37:16"}
{"level":"error","message":"Authentication error. Failed to verify token 24/10/2023, 7:19:39"}
{"level":"error","message":"Authentication error. Failed to verify token 24/10/2023, 7:19:39"}
{"level":"error","message":"Authentication error. Failed to verify token 24/10/2023, 7:20:31"}
{"level":"error","message":"Error de autenticación. Usuario sin permisos 24/10/2023, 7:34:10"}
{"level":"error","message":"Error de autenticación. Usuario sin permisos 24/10/2023, 7:34:10"}
{"level":"error","message":"Error de autenticación. Usuario sin permisos 24/10/2023, 7:34:10"}
{"level":"error","message":"Error de autenticación. Usuario sin permisos 24/10/2023, 7:34:10"}
{"level":"error","message":"Error de autenticación. Usuario sin permisos 24/10/2023, 7:34:10"}
{"level":"error","message":"Error de autenticación: El propietario no puede agregar su producto al carrito 24/10/2023, 10:50:35"}
{"level":"error","message":"Error de autenticación: El propietario no puede agregar su producto al carrito 24/10/2023, 10:51:26"}
{"level":"error","message":"Authentication error. Failed to verify token 24/10/2023, 12:23:17"}
{"level":"error","message":"Authentication error. Failed to verify token 24/10/2023, 12:23:17"}
{"level":"error","message":"Authentication error. Failed to verify token 24/10/2023, 12:23:17"}
{"level":"error","message":"Authentication error. Failed to verify token 24/10/2023, 12:23:17"}
{"level":"error","message":"Authentication error. Failed to verify token 24/10/2023, 12:23:17"}
{"level":"error","message":"Error de autenticación: El propietario no puede agregar su producto al carrito 24/10/2023, 12:25:21"}
{"level":"error","message":"Error de autenticación: El propietario no puede agregar su producto al carrito 24/10/2023, 12:26:15"}
{"level":"error","message":"Authentication error. User not authorized 4/11/2024, 5:58:20 PM"}
{"level":"error","message":"Authentication error. User not authorized 4/11/2024, 6:04:40 PM"}
{"level":"error","message":"Authentication error. User not authorized 4/11/2024, 6:05:48 PM"}
{"level":"error","message":"Authentication error. User not authorized 4/11/2024, 6:08:31 PM"}
{"level":"error","message":"Authentication error. User not authorized 4/11/2024, 6:10:35 PM"}
{"level":"error","message":"Authentication error. User not authorized 4/11/2024, 6:11:41 PM"}
{"level":"error","message":"Authentication error. User not authorized 4/11/2024, 6:12:38 PM"}
{"level":"error","message":"Authentication error. User not authorized 4/11/2024, 6:13:27 PM"}
{"level":"error","message":"Error de tipo de dato: Error de inicio de sesión 4/11/2024, 6:20:18 PM"}
{"level":"error","message":"Authentication error. Failed to verify token 4/11/2024, 6:30:53 PM"}
{"level":"error","message":"Error de autenticación. Usuario sin permisos 4/11/2024, 6:46:34 PM"}
{"level":"error","message":"Error de autenticación. Usuario sin permisos 4/11/2024, 6:46:34 PM"}
{"level":"error","message":"Authentication error. Failed to authenticate user 4/11/2024, 6:52:39 PM"}
{"level":"error","message":"Error de autenticación: Usuario no autorizado. 4/11/2024, 6:53:33 PM"}
{"level":"error","message":"Error de autenticación: Usuario no autorizado. 4/11/2024, 6:53:33 PM"}
{"level":"error","message":"Authentication error. Failed to verify token 4/11/2024, 6:57:47 PM"}
{"level":"error","message":"Error de autenticación: Usuario no autorizado. 4/11/2024, 6:57:48 PM"}
{"level":"error","message":"Error de autenticación: Usuario no autorizado. 4/11/2024, 6:57:48 PM"}
{"level":"error","message":"Error de autenticación: Usuario no autorizado. 4/11/2024, 6:57:48 PM"}
{"level":"error","message":"Error de autenticación: Usuario no autorizado. 4/11/2024, 6:57:48 PM"}
{"level":"error","message":"Error de autenticación: Usuario no autorizado. 4/11/2024, 6:57:48 PM"}
{"level":"error","message":"Error de autenticación: Usuario no autorizado. 4/11/2024, 6:57:48 PM"}
{"level":"error","message":"Error de autenticación: Usuario no autorizado. 4/11/2024, 6:57:48 PM"}
{"level":"error","message":"Error de autenticación: Usuario no autorizado. 4/11/2024, 6:57:48 PM"}
{"level":"error","message":"Error de autenticación: Usuario no autorizado. 4/11/2024, 6:57:48 PM"}
{"level":"error","message":"Error de autenticación: Usuario no autorizado. 4/11/2024, 6:57:48 PM"}
{"level":"error","message":"Error de autenticación: Usuario no autorizado. 4/11/2024, 6:57:48 PM"}
{"level":"error","message":"Error de autenticación: Usuario no autorizado. 4/11/2024, 6:57:48 PM"}
{"level":"error","message":"Error de autenticación: Usuario no autorizado. 4/11/2024, 6:57:48 PM"}
{"level":"error","message":"Error de autenticación: Usuario no autorizado. 4/11/2024, 6:57:48 PM"}
{"level":"error","message":"Error de autenticación: Usuario no autorizado. 4/11/2024, 6:57:48 PM"}
{"level":"error","message":"Error de autenticación: Usuario no autorizado. 4/11/2024, 6:57:48 PM"}
{"level":"error","message":"Error de autenticación: Usuario no autorizado. 4/11/2024, 6:57:48 PM"}
{"level":"error","message":"Error de autenticación: Usuario no autorizado. 4/11/2024, 6:57:48 PM"}
{"level":"error","message":"Error de autenticación: Usuario no autorizado. 4/11/2024, 6:57:48 PM"}
{"level":"error","message":"Error de autenticación: Usuario no autorizado. 4/11/2024, 6:57:48 PM"}
{"level":"error","message":"Error de autenticación: Usuario no autorizado. 4/11/2024, 6:57:49 PM"}
{"level":"error","message":"Error de autenticación: Usuario no autorizado. 4/11/2024, 6:57:49 PM"}
{"level":"error","message":"Error de autenticación: Usuario no autorizado. 4/11/2024, 6:57:49 PM"}
{"level":"error","message":"Error de autenticación: Usuario no autorizado. 4/11/2024, 6:57:49 PM"}
{"level":"error","message":"Error de autenticación: Usuario no autorizado. 4/11/2024, 6:57:49 PM"}
{"level":"error","message":"Error de autenticación: Usuario no autorizado. 4/11/2024, 6:57:49 PM"}
{"level":"error","message":"Error de autenticación: Usuario no autorizado. 4/11/2024, 6:57:49 PM"}
{"level":"error","message":"Error de autenticación: Usuario no autorizado. 4/11/2024, 6:57:49 PM"}
{"level":"error","message":"Error de autenticación: Usuario no autorizado. 4/11/2024, 6:57:49 PM"}
{"level":"error","message":"Error de autenticación: Usuario no autorizado. 4/11/2024, 6:57:49 PM"}
{"level":"error","message":"Error de autenticación: Usuario no autorizado. 4/11/2024, 6:57:50 PM"}
{"level":"error","message":"Error de autenticación: Usuario no autorizado. 4/11/2024, 6:57:50 PM"}
{"level":"error","message":"Error de autenticación: Usuario no autorizado. 4/11/2024, 6:57:50 PM"}
{"level":"error","message":"Error de autenticación: Usuario no autorizado. 4/11/2024, 6:57:50 PM"}
{"level":"error","message":"Error de autenticación: Usuario no autorizado. 4/11/2024, 6:57:50 PM"}
{"level":"error","message":"Error de autenticación: Usuario no autorizado. 4/11/2024, 6:57:50 PM"}
{"level":"error","message":"Error de autenticación: Usuario no autorizado. 4/11/2024, 6:57:50 PM"}
{"level":"error","message":"Error de autenticación: Usuario no autorizado. 4/11/2024, 6:57:50 PM"}
{"level":"error","message":"Error de autenticación: Usuario no autorizado. 4/11/2024, 6:57:50 PM"}
{"level":"error","message":"Error de autenticación: Usuario no autorizado. 4/11/2024, 6:57:50 PM"}
{"level":"error","message":"Error de autenticación: Usuario no autorizado. 4/11/2024, 6:57:50 PM"}
{"level":"error","message":"Error de autenticación: Usuario no autorizado. 4/11/2024, 6:57:50 PM"}
{"level":"error","message":"Error de autenticación: Usuario no autorizado. 4/11/2024, 6:57:50 PM"}
{"level":"error","message":"Error de autenticación: Usuario no autorizado. 4/11/2024, 6:57:50 PM"}
{"level":"error","message":"Error de autenticación: Usuario no autorizado. 4/11/2024, 6:57:50 PM"}
{"level":"error","message":"Error de autenticación: Usuario no autorizado. 4/11/2024, 6:57:51 PM"}
{"level":"error","message":"Error de autenticación: Usuario no autorizado. 4/11/2024, 6:57:51 PM"}
{"level":"error","message":"Error de autenticación: Usuario no autorizado. 4/11/2024, 6:57:51 PM"}
{"level":"error","message":"Error de autenticación: Usuario no autorizado. 4/11/2024, 6:57:51 PM"}
{"level":"error","message":"Error de autenticación: Usuario no autorizado. 4/11/2024, 6:57:51 PM"}
{"level":"error","message":"Error de autenticación: Usuario no autorizado. 4/11/2024, 6:57:51 PM"}
{"level":"error","message":"Error de autenticación: Usuario no autorizado. 4/11/2024, 6:57:51 PM"}
{"level":"error","message":"Error de autenticación: Usuario no autorizado. 4/11/2024, 6:57:51 PM"}
{"level":"error","message":"Error de autenticación: Usuario no autorizado. 4/11/2024, 6:57:51 PM"}
{"level":"error","message":"Error de autenticación: Usuario no autorizado. 4/11/2024, 6:57:51 PM"}
{"level":"error","message":"Error de autenticación: Usuario no autorizado. 4/11/2024, 6:57:51 PM"}
{"level":"error","message":"Error de autenticación: Usuario no autorizado. 4/11/2024, 6:57:51 PM"}
{"level":"error","message":"Error de autenticación: Usuario no autorizado. 4/11/2024, 6:57:51 PM"}
{"level":"error","message":"Error de autenticación: Usuario no autorizado. 4/11/2024, 6:57:51 PM"}
{"level":"error","message":"Error de autenticación: Usuario no autorizado. 4/11/2024, 6:57:51 PM"}
{"level":"error","message":"Error de autenticación: Usuario no autorizado. 4/11/2024, 6:57:52 PM"}
{"level":"error","message":"Error de autenticación: Usuario no autorizado. 4/11/2024, 6:57:52 PM"}
{"level":"error","message":"Error de autenticación: Usuario no autorizado. 4/11/2024, 6:57:52 PM"}
{"level":"error","message":"Error de autenticación: Usuario no autorizado. 4/11/2024, 6:57:52 PM"}
{"level":"error","message":"Error de autenticación: Usuario no autorizado. 4/11/2024, 6:57:52 PM"}
{"level":"error","message":"Error de autenticación: Usuario no autorizado. 4/11/2024, 6:57:52 PM"}
{"level":"error","message":"Error de autenticación: Usuario no autorizado. 4/11/2024, 6:57:52 PM"}
{"level":"error","message":"Error de autenticación: Usuario no autorizado. 4/11/2024, 6:57:52 PM"}
{"level":"error","message":"Error de autenticación: Usuario no autorizado. 4/11/2024, 6:57:52 PM"}
{"level":"error","message":"Error de autenticación: Usuario no autorizado. 4/11/2024, 6:57:52 PM"}
{"level":"error","message":"Error de autenticación: Usuario no autorizado. 4/11/2024, 6:57:52 PM"}
{"level":"error","message":"Error de autenticación: Usuario no autorizado. 4/11/2024, 6:57:52 PM"}
{"level":"error","message":"Error de autenticación: Usuario no autorizado. 4/11/2024, 6:57:52 PM"}
{"level":"error","message":"Error de autenticación: Usuario no autorizado. 4/11/2024, 6:57:52 PM"}
{"level":"error","message":"Error de autenticación: Usuario no autorizado. 4/11/2024, 6:57:52 PM"}
{"level":"error","message":"Error de autenticación: Usuario no autorizado. 4/11/2024, 6:57:53 PM"}
{"level":"error","message":"Error de autenticación: Usuario no autorizado. 4/11/2024, 6:57:53 PM"}
{"level":"error","message":"Error de autenticación: Usuario no autorizado. 4/11/2024, 6:57:53 PM"}
{"level":"error","message":"Error de autenticación: Usuario no autorizado. 4/11/2024, 6:57:53 PM"}
{"level":"error","message":"Error de autenticación: Usuario no autorizado. 4/11/2024, 6:57:53 PM"}
{"level":"error","message":"Error de autenticación: Usuario no autorizado. 4/11/2024, 6:57:53 PM"}
{"level":"error","message":"Error de autenticación: Usuario no autorizado. 4/11/2024, 6:57:53 PM"}
{"level":"error","message":"Error de autenticación: Usuario no autorizado. 4/11/2024, 6:57:53 PM"}
{"level":"error","message":"Error de autenticación: Usuario no autorizado. 4/11/2024, 6:57:53 PM"}
{"level":"error","message":"Error de autenticación: Usuario no autorizado. 4/11/2024, 6:57:53 PM"}
{"level":"error","message":"Error de autenticación: Usuario no autorizado. 4/11/2024, 6:57:53 PM"}
{"level":"error","message":"Error de autenticación: Usuario no autorizado. 4/11/2024, 6:57:53 PM"}
{"level":"error","message":"Error de autenticación: Usuario no autorizado. 4/11/2024, 6:57:53 PM"}
{"level":"error","message":"Error de autenticación: Usuario no autorizado. 4/11/2024, 6:57:53 PM"}
{"level":"error","message":"Error de autenticación: Usuario no autorizado. 4/11/2024, 6:57:53 PM"}
{"level":"error","message":"Error de autenticación: Usuario no autorizado. 4/11/2024, 6:57:53 PM"}
{"level":"error","message":"Error de autenticación: Usuario no autorizado. 4/11/2024, 6:57:53 PM"}
{"level":"error","message":"Error de autenticación: Usuario no autorizado. 4/11/2024, 6:57:53 PM"}
{"level":"error","message":"Error de autenticación: Usuario no autorizado. 4/11/2024, 6:57:53 PM"}
{"level":"error","message":"Error de autenticación: Usuario no autorizado. 4/11/2024, 6:57:53 PM"}
{"level":"error","message":"Error de autenticación: Usuario no autorizado. 4/11/2024, 6:57:54 PM"}
{"level":"error","message":"Error de autenticación: Usuario no autorizado. 4/11/2024, 6:57:54 PM"}
{"level":"error","message":"Error de autenticación: Usuario no autorizado. 4/11/2024, 6:57:54 PM"}
{"level":"error","message":"Error de autenticación: Usuario no autorizado. 4/11/2024, 6:57:54 PM"}
{"level":"error","message":"Error de autenticación: Usuario no autorizado. 4/11/2024, 6:57:54 PM"}
{"level":"error","message":"Error de autenticación: Usuario no autorizado. 4/11/2024, 6:57:54 PM"}
{"level":"error","message":"Error de autenticación: Usuario no autorizado. 4/11/2024, 6:57:54 PM"}
{"level":"error","message":"Error de autenticación: Usuario no autorizado. 4/11/2024, 6:57:54 PM"}
{"level":"error","message":"Error de autenticación: Usuario no autorizado. 4/11/2024, 6:57:54 PM"}
{"level":"error","message":"Error de autenticación: Usuario no autorizado. 4/11/2024, 6:57:54 PM"}
{"level":"error","message":"Error de autenticación: Usuario no autorizado. 4/11/2024, 6:57:54 PM"}
{"level":"error","message":"Error de autenticación: Usuario no autorizado. 4/11/2024, 6:57:54 PM"}
{"level":"error","message":"Error de autenticación: Usuario no autorizado. 4/11/2024, 6:57:54 PM"}
{"level":"error","message":"Error de autenticación: Usuario no autorizado. 4/11/2024, 6:57:54 PM"}
{"level":"error","message":"Error de autenticación: Usuario no autorizado. 4/11/2024, 6:57:54 PM"}
{"level":"error","message":"Error de autenticación: Usuario no autorizado. 4/11/2024, 6:57:54 PM"}
{"level":"error","message":"Error de autenticación: Usuario no autorizado. 4/11/2024, 6:57:55 PM"}
{"level":"error","message":"Error de autenticación: Usuario no autorizado. 4/11/2024, 6:57:55 PM"}
{"level":"error","message":"Error de autenticación: Usuario no autorizado. 4/11/2024, 6:57:55 PM"}
{"level":"error","message":"Error de autenticación: Usuario no autorizado. 4/11/2024, 6:57:55 PM"}
{"level":"error","message":"Error de autenticación: Usuario no autorizado. 4/11/2024, 6:57:55 PM"}
{"level":"error","message":"Error de autenticación: Usuario no autorizado. 4/11/2024, 6:57:55 PM"}
{"level":"error","message":"Error de autenticación: Usuario no autorizado. 4/11/2024, 6:57:55 PM"}
{"level":"error","message":"Error de autenticación: Usuario no autorizado. 4/11/2024, 6:57:55 PM"}
{"level":"error","message":"Error de autenticación: Usuario no autorizado. 4/11/2024, 6:57:55 PM"}
{"level":"error","message":"Error de autenticación: Usuario no autorizado. 4/11/2024, 6:57:55 PM"}
{"level":"error","message":"Error de autenticación: Usuario no autorizado. 4/11/2024, 6:57:55 PM"}
{"level":"error","message":"Error de autenticación: Usuario no autorizado. 4/11/2024, 6:57:55 PM"}
{"level":"error","message":"Error de autenticación: Usuario no autorizado. 4/11/2024, 6:57:55 PM"}
{"level":"error","message":"Error de autenticación: Usuario no autorizado. 4/11/2024, 6:57:55 PM"}
{"level":"error","message":"Error de autenticación: Usuario no autorizado. 4/11/2024, 6:57:56 PM"}
{"level":"error","message":"Error de autenticación: Usuario no autorizado. 4/11/2024, 6:57:56 PM"}
{"level":"error","message":"Error de autenticación: Usuario no autorizado. 4/11/2024, 6:57:56 PM"}
{"level":"error","message":"Error de autenticación: Usuario no autorizado. 4/11/2024, 6:57:57 PM"}
{"level":"error","message":"Error de autenticación: Usuario no autorizado. 4/11/2024, 6:57:57 PM"}
{"level":"error","message":"Error de autenticación: Usuario no autorizado. 4/11/2024, 6:57:57 PM"}
{"level":"error","message":"Error de autenticación: Usuario no autorizado. 4/11/2024, 6:57:57 PM"}
{"level":"error","message":"Error de autenticación: Usuario no autorizado. 4/11/2024, 6:57:57 PM"}
{"level":"error","message":"Error de autenticación: Usuario no autorizado. 4/11/2024, 6:57:57 PM"}
{"level":"error","message":"Error de autenticación: Usuario no autorizado. 4/11/2024, 6:57:57 PM"}
{"level":"error","message":"Error de autenticación: Usuario no autorizado. 4/11/2024, 6:57:57 PM"}
{"level":"error","message":"Error de autenticación: Usuario no autorizado. 4/11/2024, 6:57:57 PM"}
{"level":"error","message":"Error de autenticación: Usuario no autorizado. 4/11/2024, 6:57:57 PM"}
{"level":"error","message":"Error de autenticación: Usuario no autorizado. 4/11/2024, 6:57:57 PM"}
{"level":"error","message":"Error de autenticación: Usuario no autorizado. 4/11/2024, 6:57:57 PM"}
{"level":"error","message":"Error de autenticación: Usuario no autorizado. 4/11/2024, 6:57:57 PM"}
{"level":"error","message":"Error de autenticación: Usuario no autorizado. 4/11/2024, 6:57:57 PM"}
{"level":"error","message":"Error de autenticación: Usuario no autorizado. 4/11/2024, 6:57:57 PM"}
{"level":"error","message":"Error de autenticación: Usuario no autorizado. 4/11/2024, 6:57:57 PM"}
{"level":"error","message":"Error de autenticación: Usuario no autorizado. 4/11/2024, 6:57:57 PM"}
{"level":"error","message":"Error de autenticación: Usuario no autorizado. 4/11/2024, 6:57:58 PM"}
{"level":"error","message":"Error de autenticación: Usuario no autorizado. 4/11/2024, 6:57:58 PM"}
{"level":"error","message":"Error de autenticación: Usuario no autorizado. 4/11/2024, 6:57:58 PM"}
{"level":"error","message":"Error de autenticación: Usuario no autorizado. 4/11/2024, 6:57:58 PM"}
{"level":"error","message":"Error de autenticación: Usuario no autorizado. 4/11/2024, 6:57:58 PM"}
{"level":"error","message":"Error de autenticación: Usuario no autorizado. 4/11/2024, 6:57:58 PM"}
{"level":"error","message":"Error de autenticación: Usuario no autorizado. 4/11/2024, 6:57:58 PM"}
{"level":"error","message":"Error de autenticación: Usuario no autorizado. 4/11/2024, 6:57:58 PM"}
{"level":"error","message":"Error de autenticación: Usuario no autorizado. 4/11/2024, 6:57:58 PM"}
{"level":"error","message":"Error de autenticación: Usuario no autorizado. 4/11/2024, 6:57:58 PM"}
{"level":"error","message":"Error de autenticación: Usuario no autorizado. 4/11/2024, 6:57:59 PM"}
{"level":"error","message":"Error de autenticación: Usuario no autorizado. 4/11/2024, 6:57:59 PM"}
{"level":"error","message":"Error de autenticación: Usuario no autorizado. 4/11/2024, 6:57:59 PM"}
{"level":"error","message":"Error de autenticación: Usuario no autorizado. 4/11/2024, 6:57:59 PM"}
{"level":"error","message":"Error de autenticación: Usuario no autorizado. 4/11/2024, 6:57:59 PM"}
{"level":"error","message":"Error de autenticación: Usuario no autorizado. 4/11/2024, 6:57:59 PM"}
{"level":"error","message":"Error de autenticación: Usuario no autorizado. 4/11/2024, 6:57:59 PM"}
{"level":"error","message":"Error de autenticación: Usuario no autorizado. 4/11/2024, 6:57:59 PM"}
{"level":"error","message":"Error de autenticación: Usuario no autorizado. 4/11/2024, 6:57:59 PM"}
{"level":"error","message":"Error de autenticación: Usuario no autorizado. 4/11/2024, 6:57:59 PM"}
{"level":"error","message":"Error de autenticación: Usuario no autorizado. 4/11/2024, 6:58:00 PM"}
{"level":"error","message":"Error de autenticación: Usuario no autorizado. 4/11/2024, 6:58:00 PM"}
{"level":"error","message":"Error de autenticación: Usuario no autorizado. 4/11/2024, 6:58:00 PM"}
{"level":"error","message":"Error de autenticación: Usuario no autorizado. 4/11/2024, 6:58:00 PM"}
{"level":"error","message":"Error de autenticación: Usuario no autorizado. 4/11/2024, 6:58:00 PM"}
{"level":"error","message":"Error de autenticación: Usuario no autorizado. 4/11/2024, 6:58:00 PM"}
{"level":"error","message":"Error de autenticación: Usuario no autorizado. 4/11/2024, 6:58:00 PM"}
{"level":"error","message":"Error de autenticación: Usuario no autorizado. 4/11/2024, 6:58:00 PM"}
{"level":"error","message":"Error de autenticación: Usuario no autorizado. 4/11/2024, 6:58:00 PM"}
{"level":"error","message":"Error de autenticación: Usuario no autorizado. 4/11/2024, 6:58:00 PM"}
{"level":"error","message":"Error de autenticación: Usuario no autorizado. 4/11/2024, 6:58:01 PM"}
{"level":"error","message":"Error de autenticación: Usuario no autorizado. 4/11/2024, 6:58:01 PM"}
{"level":"error","message":"Error de autenticación: Usuario no autorizado. 4/11/2024, 6:58:01 PM"}
{"level":"error","message":"Error de autenticación: Usuario no autorizado. 4/11/2024, 6:58:01 PM"}
{"level":"error","message":"Error de autenticación: Usuario no autorizado. 4/11/2024, 6:58:01 PM"}
{"level":"error","message":"Error de autenticación: Usuario no autorizado. 4/11/2024, 6:58:01 PM"}
{"level":"error","message":"Error de autenticación: Usuario no autorizado. 4/11/2024, 6:58:01 PM"}
{"level":"error","message":"Error de autenticación: Usuario no autorizado. 4/11/2024, 6:58:01 PM"}
{"level":"error","message":"Error de autenticación: Usuario no autorizado. 4/11/2024, 6:58:01 PM"}
{"level":"error","message":"Error de autenticación: Usuario no autorizado. 4/11/2024, 6:58:01 PM"}
{"level":"error","message":"Error de autenticación: Usuario no autorizado. 4/11/2024, 6:58:02 PM"}
{"level":"error","message":"Error de autenticación: Usuario no autorizado. 4/11/2024, 6:58:02 PM"}
{"level":"error","message":"Error de autenticación: Usuario no autorizado. 4/11/2024, 6:58:02 PM"}
{"level":"error","message":"Error de autenticación: Usuario no autorizado. 4/11/2024, 6:58:02 PM"}
{"level":"error","message":"Error de autenticación: Usuario no autorizado. 4/11/2024, 6:58:02 PM"}
{"level":"error","message":"Error de autenticación: Usuario no autorizado. 4/11/2024, 6:58:02 PM"}
{"level":"error","message":"Error de autenticación: Usuario no autorizado. 4/11/2024, 6:58:02 PM"}
{"level":"error","message":"Error de autenticación: Usuario no autorizado. 4/11/2024, 6:58:02 PM"}
{"level":"error","message":"Error de autenticación: Usuario no autorizado. 4/11/2024, 6:58:02 PM"}
{"level":"error","message":"Error de autenticación: Usuario no autorizado. 4/11/2024, 6:58:02 PM"}
{"level":"error","message":"Error de autenticación: Usuario no autorizado. 4/11/2024, 6:58:03 PM"}
{"level":"error","message":"Error de autenticación: Usuario no autorizado. 4/11/2024, 6:58:03 PM"}
{"level":"error","message":"Error de autenticación: Usuario no autorizado. 4/11/2024, 6:58:03 PM"}
{"level":"error","message":"Error de autenticación: Usuario no autorizado. 4/11/2024, 6:58:03 PM"}
{"level":"error","message":"Error de autenticación: Usuario no autorizado. 4/11/2024, 6:58:03 PM"}
{"level":"error","message":"Error de autenticación: Usuario no autorizado. 4/11/2024, 6:58:03 PM"}
{"level":"error","message":"Error de autenticación: Usuario no autorizado. 4/11/2024, 6:58:03 PM"}
{"level":"error","message":"Error de autenticación: Usuario no autorizado. 4/11/2024, 6:58:03 PM"}
{"level":"error","message":"Error de autenticación: Usuario no autorizado. 4/11/2024, 6:58:03 PM"}
{"level":"error","message":"Error de autenticación: Usuario no autorizado. 4/11/2024, 6:58:03 PM"}
{"level":"error","message":"Error de autenticación: Usuario no autorizado. 4/11/2024, 6:58:03 PM"}
{"level":"error","message":"Error de autenticación: Usuario no autorizado. 4/11/2024, 6:58:04 PM"}
{"level":"error","message":"Error de autenticación: Usuario no autorizado. 4/11/2024, 6:58:04 PM"}
{"level":"error","message":"Error de autenticación: Usuario no autorizado. 4/11/2024, 6:58:04 PM"}
{"level":"error","message":"Error de autenticación: Usuario no autorizado. 4/11/2024, 6:58:04 PM"}
{"level":"error","message":"Error de autenticación: Usuario no autorizado. 4/11/2024, 6:58:04 PM"}
{"level":"error","message":"Error de autenticación: Usuario no autorizado. 4/11/2024, 6:58:04 PM"}
{"level":"error","message":"Error de autenticación: Usuario no autorizado. 4/11/2024, 6:58:04 PM"}
{"level":"error","message":"Error de autenticación: Usuario no autorizado. 4/11/2024, 6:58:04 PM"}
{"level":"error","message":"Error de autenticación: Usuario no autorizado. 4/11/2024, 6:58:04 PM"}
{"level":"error","message":"Error de autenticación: Usuario no autorizado. 4/11/2024, 6:58:04 PM"}
{"level":"error","message":"Error de autenticación: Usuario no autorizado. 4/11/2024, 6:58:04 PM"}
{"level":"error","message":"Error de autenticación: Usuario no autorizado. 4/11/2024, 6:58:04 PM"}
{"level":"error","message":"Error de autenticación: Usuario no autorizado. 4/11/2024, 6:58:04 PM"}
{"level":"error","message":"Error de autenticación: Usuario no autorizado. 4/11/2024, 6:58:04 PM"}
{"level":"error","message":"Error de autenticación: Usuario no autorizado. 4/11/2024, 6:58:04 PM"}
{"level":"error","message":"Error de autenticación: Usuario no autorizado. 4/11/2024, 6:58:05 PM"}
{"level":"error","message":"Error de autenticación: Usuario no autorizado. 4/11/2024, 6:58:05 PM"}
{"level":"error","message":"Error de autenticación: Usuario no autorizado. 4/11/2024, 6:58:05 PM"}
{"level":"error","message":"Error de autenticación: Usuario no autorizado. 4/11/2024, 6:58:05 PM"}
{"level":"error","message":"Authentication error. Failed to verify token 4/11/2024, 6:59:14 PM"}
{"level":"error","message":"Error de autenticación: Usuario no autorizado. 4/11/2024, 6:59:14 PM"}
{"level":"error","message":"Error de autenticación: Usuario no autorizado. 4/11/2024, 6:59:14 PM"}
{"level":"error","message":"Error de autenticación: Usuario no autorizado. 4/11/2024, 6:59:14 PM"}
{"level":"error","message":"Error de autenticación: Usuario no autorizado. 4/11/2024, 6:59:14 PM"}
{"level":"error","message":"Error de autenticación: Usuario no autorizado. 4/11/2024, 6:59:14 PM"}
{"level":"error","message":"Error de autenticación: Usuario no autorizado. 4/11/2024, 6:59:14 PM"}
{"level":"error","message":"Error de autenticación: Usuario no autorizado. 4/11/2024, 6:59:15 PM"}
{"level":"error","message":"Error de autenticación: Usuario no autorizado. 4/11/2024, 6:59:15 PM"}
{"level":"error","message":"Error de autenticación: Usuario no autorizado. 4/11/2024, 6:59:15 PM"}
{"level":"error","message":"Error de autenticación: Usuario no autorizado. 4/11/2024, 6:59:15 PM"}
{"level":"error","message":"Error de autenticación: Usuario no autorizado. 4/11/2024, 6:59:15 PM"}
{"level":"error","message":"Error de autenticación: Usuario no autorizado. 4/11/2024, 6:59:16 PM"}
{"level":"error","message":"Error de autenticación: Usuario no autorizado. 4/11/2024, 6:59:16 PM"}
{"level":"error","message":"Error de autenticación: Usuario no autorizado. 4/11/2024, 6:59:16 PM"}
{"level":"error","message":"Error de autenticación: Usuario no autorizado. 4/11/2024, 6:59:16 PM"}
{"level":"error","message":"Error de autenticación: Usuario no autorizado. 4/11/2024, 6:59:16 PM"}
{"level":"error","message":"Error de autenticación: Usuario no autorizado. 4/11/2024, 6:59:16 PM"}
{"level":"error","message":"Error de autenticación: Usuario no autorizado. 4/11/2024, 6:59:16 PM"}
{"level":"error","message":"Error de autenticación: Usuario no autorizado. 4/11/2024, 6:59:16 PM"}
{"level":"error","message":"Error de autenticación: Usuario no autorizado. 4/11/2024, 6:59:16 PM"}
{"level":"error","message":"Error de autenticación: Usuario no autorizado. 4/11/2024, 6:59:16 PM"}
{"level":"error","message":"Error de autenticación: Usuario no autorizado. 4/11/2024, 6:59:17 PM"}
{"level":"error","message":"Error de autenticación: Usuario no autorizado. 4/11/2024, 6:59:17 PM"}
{"level":"error","message":"Error de autenticación: Usuario no autorizado. 4/11/2024, 6:59:17 PM"}
{"level":"error","message":"Error de autenticación: Usuario no autorizado. 4/11/2024, 6:59:17 PM"}
{"level":"error","message":"Error de autenticación: Usuario no autorizado. 4/11/2024, 6:59:17 PM"}
{"level":"error","message":"Error de autenticación: Usuario no autorizado. 4/11/2024, 6:59:17 PM"}
{"level":"error","message":"Error de autenticación: Usuario no autorizado. 4/11/2024, 6:59:17 PM"}
{"level":"error","message":"Error de autenticación: Usuario no autorizado. 4/11/2024, 6:59:17 PM"}
{"level":"error","message":"Error de autenticación: Usuario no autorizado. 4/11/2024, 6:59:17 PM"}
{"level":"error","message":"Authentication error. Failed to verify token 4/11/2024, 7:02:15 PM"}
{"level":"error","message":"Error de autenticación: Usuario no autorizado. 4/11/2024, 7:02:16 PM"}
{"level":"error","message":"Error de autenticación: Usuario no autorizado. 4/11/2024, 7:02:16 PM"}
{"level":"error","message":"Error de autenticación: Usuario no autorizado. 4/11/2024, 7:02:16 PM"}
{"level":"error","message":"Error de autenticación: Usuario no autorizado. 4/11/2024, 7:02:16 PM"}
{"level":"error","message":"Error de autenticación: Usuario no autorizado. 4/11/2024, 7:02:16 PM"}
{"level":"error","message":"Error de autenticación: Usuario no autorizado. 4/11/2024, 7:02:16 PM"}
{"level":"error","message":"Error de autenticación: Usuario no autorizado. 4/11/2024, 7:02:16 PM"}
{"level":"error","message":"Error de autenticación: Usuario no autorizado. 4/11/2024, 7:02:16 PM"}
{"level":"error","message":"Error de autenticación: Usuario no autorizado. 4/11/2024, 7:02:16 PM"}
{"level":"error","message":"Error de autenticación: Usuario no autorizado. 4/11/2024, 7:02:16 PM"}
{"level":"error","message":"Error de autenticación: Usuario no autorizado. 4/11/2024, 7:02:16 PM"}
{"level":"error","message":"Error de autenticación: Usuario no autorizado. 4/11/2024, 7:02:17 PM"}
{"level":"error","message":"Error de autenticación: Usuario no autorizado. 4/11/2024, 7:02:17 PM"}
{"level":"error","message":"Error de autenticación: Usuario no autorizado. 4/11/2024, 7:02:17 PM"}
{"level":"error","message":"Error de autenticación: Usuario no autorizado. 4/11/2024, 7:02:17 PM"}
{"level":"error","message":"Error de autenticación: Usuario no autorizado. 4/11/2024, 7:02:17 PM"}
{"level":"error","message":"Error de autenticación: Usuario no autorizado. 4/11/2024, 7:02:17 PM"}
{"level":"error","message":"Error de autenticación: Usuario no autorizado. 4/11/2024, 7:02:17 PM"}
{"level":"error","message":"Error de autenticación: Usuario no autorizado. 4/11/2024, 7:02:17 PM"}
{"level":"error","message":"Error de autenticación: Usuario no autorizado. 4/11/2024, 7:02:17 PM"}
{"level":"error","message":"Error de autenticación: Usuario no autorizado. 4/11/2024, 7:02:18 PM"}
{"level":"error","message":"Error de autenticación: Usuario no autorizado. 4/11/2024, 7:02:18 PM"}
{"level":"error","message":"Error de autenticación: Usuario no autorizado. 4/11/2024, 7:02:18 PM"}
{"level":"error","message":"Error de autenticación: Usuario no autorizado. 4/11/2024, 7:02:18 PM"}
{"level":"error","message":"Error de autenticación: Usuario no autorizado. 4/11/2024, 7:02:18 PM"}
{"level":"error","message":"Error de autenticación: Usuario no autorizado. 4/11/2024, 7:02:18 PM"}
{"level":"error","message":"Error de autenticación: Usuario no autorizado. 4/11/2024, 7:02:18 PM"}
{"level":"error","message":"Error de autenticación: Usuario no autorizado. 4/11/2024, 7:02:18 PM"}
{"level":"error","message":"Error de autenticación: Usuario no autorizado. 4/11/2024, 7:02:18 PM"}
{"level":"error","message":"Error de autenticación: Usuario no autorizado. 4/11/2024, 7:02:18 PM"}
{"level":"error","message":"Error de autenticación: Usuario no autorizado. 4/11/2024, 7:02:19 PM"}
{"level":"error","message":"Error de autenticación: Usuario no autorizado. 4/11/2024, 7:02:19 PM"}
{"level":"error","message":"Error de autenticación: Usuario no autorizado. 4/11/2024, 7:02:19 PM"}
{"level":"error","message":"Error de autenticación: Usuario no autorizado. 4/11/2024, 7:02:19 PM"}
{"level":"error","message":"Error de autenticación: Usuario no autorizado. 4/11/2024, 7:02:19 PM"}
{"level":"error","message":"Error de autenticación: Usuario no autorizado. 4/11/2024, 7:02:19 PM"}
{"level":"error","message":"Authentication error. Failed to verify token 4/11/2024, 7:02:41 PM"}
{"level":"error","message":"Error de autenticación: Usuario no autorizado. 4/11/2024, 7:02:42 PM"}
{"level":"error","message":"Error de autenticación: Usuario no autorizado. 4/11/2024, 7:02:42 PM"}
{"level":"error","message":"Error de autenticación: Usuario no autorizado. 4/11/2024, 7:02:42 PM"}
{"level":"error","message":"Error de autenticación: Usuario no autorizado. 4/11/2024, 7:02:43 PM"}
{"level":"error","message":"Error de autenticación: Usuario no autorizado. 4/11/2024, 7:02:43 PM"}
{"level":"error","message":"Error de autenticación: Usuario no autorizado. 4/11/2024, 7:02:43 PM"}
{"level":"error","message":"Error de autenticación: Usuario no autorizado. 4/11/2024, 7:02:43 PM"}
{"level":"error","message":"Error de autenticación: Usuario no autorizado. 4/11/2024, 7:02:43 PM"}
{"level":"error","message":"Error de autenticación: Usuario no autorizado. 4/11/2024, 7:02:43 PM"}
{"level":"error","message":"Error de autenticación: Usuario no autorizado. 4/11/2024, 7:02:43 PM"}
{"level":"error","message":"Error de autenticación: Usuario no autorizado. 4/11/2024, 7:02:43 PM"}
{"level":"error","message":"Error de autenticación: Usuario no autorizado. 4/11/2024, 7:02:43 PM"}
{"level":"error","message":"Error de autenticación: Usuario no autorizado. 4/11/2024, 7:02:43 PM"}
{"level":"error","message":"Error de autenticación: Usuario no autorizado. 4/11/2024, 7:02:43 PM"}
{"level":"error","message":"Error de autenticación: Usuario no autorizado. 4/11/2024, 7:02:43 PM"}
{"level":"error","message":"Error de autenticación: Usuario no autorizado. 4/11/2024, 7:02:43 PM"}
{"level":"error","message":"Error de autenticación: Usuario no autorizado. 4/11/2024, 7:02:43 PM"}
{"level":"error","message":"Error de autenticación: Usuario no autorizado. 4/11/2024, 7:02:43 PM"}
{"level":"error","message":"Error de autenticación: Usuario no autorizado. 4/11/2024, 7:02:43 PM"}
{"level":"error","message":"Error de autenticación: Usuario no autorizado. 4/11/2024, 7:02:43 PM"}
{"level":"error","message":"Authentication error. Failed to verify token 4/11/2024, 7:04:04 PM"}
{"level":"error","message":"Error de autenticación: Usuario no autorizado. 4/11/2024, 7:04:05 PM"}
{"level":"error","message":"Error de autenticación: Usuario no autorizado. 4/11/2024, 7:04:05 PM"}
{"level":"error","message":"Error de autenticación: Usuario no autorizado. 4/11/2024, 7:04:05 PM"}
{"level":"error","message":"Error de autenticación: Usuario no autorizado. 4/11/2024, 7:04:05 PM"}
{"level":"error","message":"Error de autenticación: Usuario no autorizado. 4/11/2024, 7:04:05 PM"}
{"level":"error","message":"Error de autenticación: Usuario no autorizado. 4/11/2024, 7:04:05 PM"}
{"level":"error","message":"Error de autenticación: Usuario no autorizado. 4/11/2024, 7:04:05 PM"}
{"level":"error","message":"Error de autenticación: Usuario no autorizado. 4/11/2024, 7:04:05 PM"}
{"level":"error","message":"Error de autenticación: Usuario no autorizado. 4/11/2024, 7:04:05 PM"}
{"level":"error","message":"Error de autenticación: Usuario no autorizado. 4/11/2024, 7:04:05 PM"}
{"level":"error","message":"Error de autenticación: Usuario no autorizado. 4/11/2024, 7:04:06 PM"}
{"level":"error","message":"Error de autenticación: Usuario no autorizado. 4/11/2024, 7:04:06 PM"}
{"level":"error","message":"Error de autenticación: Usuario no autorizado. 4/11/2024, 7:04:06 PM"}
{"level":"error","message":"Error de autenticación: Usuario no autorizado. 4/11/2024, 7:04:06 PM"}
{"level":"error","message":"Error de autenticación: Usuario no autorizado. 4/11/2024, 7:04:06 PM"}
{"level":"error","message":"Error de autenticación: Usuario no autorizado. 4/11/2024, 7:04:06 PM"}
{"level":"error","message":"Error de autenticación: Usuario no autorizado. 4/11/2024, 7:04:06 PM"}
{"level":"error","message":"Error de autenticación: Usuario no autorizado. 4/11/2024, 7:04:06 PM"}
{"level":"error","message":"Error de autenticación: Usuario no autorizado. 4/11/2024, 7:04:06 PM"}
{"level":"error","message":"Error de autenticación: Usuario no autorizado. 4/11/2024, 7:04:06 PM"}
{"level":"error","message":"Authentication error. Failed to verify token 4/11/2024, 7:04:58 PM"}
{"level":"error","message":"Error de autenticación: Usuario no autorizado. 4/11/2024, 7:04:59 PM"}
{"level":"error","message":"Error de autenticación: Usuario no autorizado. 4/11/2024, 7:04:59 PM"}
{"level":"error","message":"Error de autenticación: Usuario no autorizado. 4/11/2024, 7:04:59 PM"}
{"level":"error","message":"Error de autenticación: Usuario no autorizado. 4/11/2024, 7:04:59 PM"}
{"level":"error","message":"Error de autenticación: Usuario no autorizado. 4/11/2024, 7:04:59 PM"}
{"level":"error","message":"Error de autenticación: Usuario no autorizado. 4/11/2024, 7:04:59 PM"}
{"level":"error","message":"Error de autenticación: Usuario no autorizado. 4/11/2024, 7:04:59 PM"}
{"level":"error","message":"Error de autenticación: Usuario no autorizado. 4/11/2024, 7:04:59 PM"}
{"level":"error","message":"Error de autenticación: Usuario no autorizado. 4/11/2024, 7:04:59 PM"}
{"level":"error","message":"Error de autenticación: Usuario no autorizado. 4/11/2024, 7:04:59 PM"}
{"level":"error","message":"Error de autenticación: Usuario no autorizado. 4/11/2024, 7:05:00 PM"}
{"level":"error","message":"Error de autenticación: Usuario no autorizado. 4/11/2024, 7:05:00 PM"}
{"level":"error","message":"Error de autenticación: Usuario no autorizado. 4/11/2024, 7:05:00 PM"}
{"level":"error","message":"Error de autenticación: Usuario no autorizado. 4/11/2024, 7:05:00 PM"}
{"level":"error","message":"Error de autenticación: Usuario no autorizado. 4/11/2024, 7:05:00 PM"}
{"level":"error","message":"Error de autenticación: Usuario no autorizado. 4/11/2024, 7:05:00 PM"}
{"level":"error","message":"Error de autenticación: Usuario no autorizado. 4/11/2024, 7:05:00 PM"}
{"level":"error","message":"Error de autenticación: Usuario no autorizado. 4/11/2024, 7:05:00 PM"}
{"level":"error","message":"Error de autenticación: Usuario no autorizado. 4/11/2024, 7:05:00 PM"}
{"level":"error","message":"Error de autenticación: Usuario no autorizado. 4/11/2024, 7:05:00 PM"}
{"level":"error","message":"Authentication error. Failed to verify token 4/11/2024, 7:05:13 PM"}
{"level":"error","message":"Error de autenticación: Usuario no autorizado. 4/11/2024, 7:05:14 PM"}
{"level":"error","message":"Error de autenticación: Usuario no autorizado. 4/11/2024, 7:05:14 PM"}
{"level":"error","message":"Error de autenticación: Usuario no autorizado. 4/11/2024, 7:05:14 PM"}
{"level":"error","message":"Error de autenticación: Usuario no autorizado. 4/11/2024, 7:05:14 PM"}
{"level":"error","message":"Error de autenticación: Usuario no autorizado. 4/11/2024, 7:05:14 PM"}
{"level":"error","message":"Error de autenticación: Usuario no autorizado. 4/11/2024, 7:05:14 PM"}
{"level":"error","message":"Error de autenticación: Usuario no autorizado. 4/11/2024, 7:05:14 PM"}
{"level":"error","message":"Error de autenticación: Usuario no autorizado. 4/11/2024, 7:05:14 PM"}
{"level":"error","message":"Error de autenticación: Usuario no autorizado. 4/11/2024, 7:05:14 PM"}
{"level":"error","message":"Error de autenticación: Usuario no autorizado. 4/11/2024, 7:05:14 PM"}
{"level":"error","message":"Authentication error. Failed to verify token 4/11/2024, 7:06:12 PM"}
{"level":"error","message":"Error de autenticación: Usuario no autorizado. 4/11/2024, 7:06:13 PM"}
{"level":"error","message":"Error de autenticación: Usuario no autorizado. 4/11/2024, 7:06:13 PM"}
{"level":"error","message":"Error de autenticación: Usuario no autorizado. 4/11/2024, 7:06:14 PM"}
{"level":"error","message":"Error de autenticación: Usuario no autorizado. 4/11/2024, 7:06:14 PM"}
{"level":"error","message":"Error de autenticación: Usuario no autorizado. 4/11/2024, 7:06:14 PM"}
{"level":"error","message":"Error de autenticación: Usuario no autorizado. 4/11/2024, 7:06:14 PM"}
{"level":"error","message":"Error de autenticación: Usuario no autorizado. 4/11/2024, 7:06:14 PM"}
{"level":"error","message":"Error de autenticación: Usuario no autorizado. 4/11/2024, 7:06:14 PM"}
{"level":"error","message":"Error de autenticación: Usuario no autorizado. 4/11/2024, 7:06:14 PM"}
{"level":"error","message":"Error de autenticación: Usuario no autorizado. 4/11/2024, 7:06:14 PM"}
{"level":"error","message":"Error de autenticación: Usuario no autorizado. 4/11/2024, 7:06:14 PM"}
{"level":"error","message":"Error de autenticación: Usuario no autorizado. 4/11/2024, 7:06:14 PM"}
{"level":"error","message":"Error de autenticación: Usuario no autorizado. 4/11/2024, 7:06:14 PM"}
{"level":"error","message":"Error de autenticación: Usuario no autorizado. 4/11/2024, 7:06:14 PM"}
{"level":"error","message":"Error de autenticación: Usuario no autorizado. 4/11/2024, 7:06:14 PM"}
{"level":"error","message":"Error de autenticación: Usuario no autorizado. 4/11/2024, 7:06:14 PM"}
{"level":"error","message":"Authentication error. Failed to verify token 4/11/2024, 7:07:28 PM"}
{"level":"error","message":"Error de autenticación: Usuario no autorizado. 4/11/2024, 7:07:28 PM"}
{"level":"error","message":"Error de autenticación: Usuario no autorizado. 4/11/2024, 7:07:28 PM"}
{"level":"error","message":"Error de autenticación: Usuario no autorizado. 4/11/2024, 7:07:28 PM"}
{"level":"error","message":"Error de autenticación: Usuario no autorizado. 4/11/2024, 7:07:29 PM"}
{"level":"error","message":"Error de autenticación: Usuario no autorizado. 4/11/2024, 7:07:29 PM"}
{"level":"error","message":"Error de autenticación: Usuario no autorizado. 4/11/2024, 7:07:29 PM"}
{"level":"error","message":"Error de autenticación: Usuario no autorizado. 4/11/2024, 7:07:29 PM"}
{"level":"error","message":"Error de autenticación: Usuario no autorizado. 4/11/2024, 7:07:29 PM"}
{"level":"error","message":"Error de autenticación: Usuario no autorizado. 4/11/2024, 7:07:29 PM"}
{"level":"error","message":"Error de autenticación: Usuario no autorizado. 4/11/2024, 7:07:29 PM"}
{"level":"error","message":"Authentication error. Failed to verify token 4/11/2024, 7:08:04 PM"}
{"level":"error","message":"Authentication error. Failed to verify token 4/11/2024, 7:10:26 PM"}
{"level":"error","message":"Error de autenticación: Usuario no autorizado. 4/11/2024, 7:10:27 PM"}
{"level":"error","message":"Error de autenticación: Usuario no autorizado. 4/11/2024, 7:10:27 PM"}
{"level":"error","message":"Error de autenticación: Usuario no autorizado. 4/11/2024, 7:10:27 PM"}
{"level":"error","message":"Error de autenticación: Usuario no autorizado. 4/11/2024, 7:10:27 PM"}
{"level":"error","message":"Error de autenticación: Usuario no autorizado. 4/11/2024, 7:10:27 PM"}
{"level":"error","message":"Error de autenticación: Usuario no autorizado. 4/11/2024, 7:10:27 PM"}
{"level":"error","message":"Error de autenticación: Usuario no autorizado. 4/11/2024, 7:10:27 PM"}
{"level":"error","message":"Error de autenticación: Usuario no autorizado. 4/11/2024, 7:10:27 PM"}
{"level":"error","message":"Error de autenticación: Usuario no autorizado. 4/11/2024, 7:10:27 PM"}
{"level":"error","message":"Error de autenticación: Usuario no autorizado. 4/11/2024, 7:10:27 PM"}
{"level":"error","message":"Error de autenticación: Usuario no autorizado. 4/11/2024, 7:10:28 PM"}
{"level":"error","message":"Error de autenticación: Usuario no autorizado. 4/11/2024, 7:10:28 PM"}
{"level":"error","message":"Error de autenticación: Usuario no autorizado. 4/11/2024, 7:10:28 PM"}
{"level":"error","message":"Error de autenticación: Usuario no autorizado. 4/11/2024, 7:10:28 PM"}
{"level":"error","message":"Error de autenticación: Usuario no autorizado. 4/11/2024, 7:10:28 PM"}
{"level":"error","message":"Error de autenticación: Usuario no autorizado. 4/11/2024, 7:10:28 PM"}
{"level":"error","message":"Error de autenticación: Usuario no autorizado. 4/11/2024, 7:10:29 PM"}
{"level":"error","message":"Error de autenticación: Usuario no autorizado. 4/11/2024, 7:10:29 PM"}
{"level":"error","message":"Error de autenticación: Usuario no autorizado. 4/11/2024, 7:10:29 PM"}
{"level":"error","message":"Error de autenticación: Usuario no autorizado. 4/11/2024, 7:10:29 PM"}
{"level":"error","message":"Error de autenticación: Usuario no autorizado. 4/11/2024, 7:10:29 PM"}
{"level":"error","message":"Error de autenticación: Usuario no autorizado. 4/11/2024, 7:10:29 PM"}
{"level":"error","message":"Error de autenticación: Usuario no autorizado. 4/11/2024, 7:10:29 PM"}
{"level":"error","message":"Error de autenticación: Usuario no autorizado. 4/11/2024, 7:10:29 PM"}
{"level":"error","message":"Error de autenticación: Usuario no autorizado. 4/11/2024, 7:10:29 PM"}
{"level":"error","message":"Error de autenticación: Usuario no autorizado. 4/11/2024, 7:10:29 PM"}
{"level":"error","message":"Error de autenticación: Usuario no autorizado. 4/11/2024, 7:10:29 PM"}
{"level":"error","message":"Error de autenticación: Usuario no autorizado. 4/11/2024, 7:10:29 PM"}
{"level":"error","message":"Error de autenticación: Usuario no autorizado. 4/11/2024, 7:10:29 PM"}
{"level":"error","message":"Error de autenticación: Usuario no autorizado. 4/11/2024, 7:10:29 PM"}
{"level":"error","message":"Error de autenticación: Usuario no autorizado. 4/11/2024, 7:10:30 PM"}
{"level":"error","message":"Error de autenticación: Usuario no autorizado. 4/11/2024, 7:10:30 PM"}
{"level":"error","message":"Error de autenticación: Usuario no autorizado. 4/11/2024, 7:10:30 PM"}
{"level":"error","message":"Error de autenticación: Usuario no autorizado. 4/11/2024, 7:10:30 PM"}
{"level":"error","message":"Error de autenticación: Usuario no autorizado. 4/11/2024, 7:10:30 PM"}
{"level":"error","message":"Error de autenticación: Usuario no autorizado. 4/11/2024, 7:10:30 PM"}
{"level":"error","message":"Error de autenticación: Usuario no autorizado. 4/11/2024, 7:10:30 PM"}
{"level":"error","message":"Error de autenticación: Usuario no autorizado. 4/11/2024, 7:10:30 PM"}
{"level":"error","message":"Error de autenticación: Usuario no autorizado. 4/11/2024, 7:10:30 PM"}
{"level":"error","message":"Error de autenticación: Usuario no autorizado. 4/11/2024, 7:10:30 PM"}
{"level":"error","message":"Error de autenticación: Usuario no autorizado. 4/11/2024, 7:10:30 PM"}
{"level":"error","message":"Error de autenticación: Usuario no autorizado. 4/11/2024, 7:10:31 PM"}
{"level":"error","message":"Error de autenticación: Usuario no autorizado. 4/11/2024, 7:10:31 PM"}
{"level":"error","message":"Error de autenticación: Usuario no autorizado. 4/11/2024, 7:10:31 PM"}
{"level":"error","message":"Error de autenticación: Usuario no autorizado. 4/11/2024, 7:10:31 PM"}
{"level":"error","message":"Error de autenticación: Usuario no autorizado. 4/11/2024, 7:10:31 PM"}
{"level":"error","message":"Error de autenticación: Usuario no autorizado. 4/11/2024, 7:10:31 PM"}
{"level":"error","message":"Error de autenticación: Usuario no autorizado. 4/11/2024, 7:10:31 PM"}
{"level":"error","message":"Error de autenticación: Usuario no autorizado. 4/11/2024, 7:10:31 PM"}
{"level":"error","message":"Error de autenticación: Usuario no autorizado. 4/11/2024, 7:10:31 PM"}
{"level":"error","message":"Error de autenticación. El token no pudo ser verificado 4/11/2024, 7:19:28 PM"}
{"level":"error","message":"Error de autenticación. El token no pudo ser verificado 4/11/2024, 7:19:29 PM"}
{"level":"error","message":"Error de autenticación. El token no pudo ser verificado 4/11/2024, 7:19:29 PM"}
{"level":"error","message":"Error de autenticación. El token no pudo ser verificado 4/11/2024, 7:19:29 PM"}
{"level":"error","message":"Error de autenticación. El token no pudo ser verificado 4/11/2024, 7:19:29 PM"}
{"level":"error","message":"Error de autenticación. El token no pudo ser verificado 4/11/2024, 7:19:29 PM"}
{"level":"error","message":"Error de autenticación. El token no pudo ser verificado 4/11/2024, 7:19:29 PM"}
{"level":"error","message":"Error de autenticación. El token no pudo ser verificado 4/11/2024, 7:19:29 PM"}
{"level":"error","message":"Error de autenticación. El token no pudo ser verificado 4/11/2024, 7:19:30 PM"}
{"level":"error","message":"Error de autenticación. El token no pudo ser verificado 4/11/2024, 7:19:30 PM"}
{"level":"error","message":"Error de autenticación. El token no pudo ser verificado 4/11/2024, 7:19:30 PM"}
{"level":"error","message":"Error de autenticación. El token no pudo ser verificado 4/11/2024, 7:19:30 PM"}
{"level":"error","message":"Error de autenticación. El token no pudo ser verificado 4/11/2024, 7:19:30 PM"}
{"level":"error","message":"Error de autenticación. El token no pudo ser verificado 4/11/2024, 7:19:31 PM"}
{"level":"error","message":"Error de autenticación. El token no pudo ser verificado 4/11/2024, 7:19:31 PM"}
{"level":"error","message":"Error de autenticación. El token no pudo ser verificado 4/11/2024, 7:19:31 PM"}
{"level":"error","message":"Error de autenticación. El token no pudo ser verificado 4/11/2024, 7:19:31 PM"}
{"level":"error","message":"Error de autenticación. El token no pudo ser verificado 4/11/2024, 7:19:31 PM"}
{"level":"error","message":"Error de autenticación. El token no pudo ser verificado 4/11/2024, 7:19:31 PM"}
{"level":"error","message":"Error de autenticación. El token no pudo ser verificado 4/11/2024, 7:19:31 PM"}
{"level":"error","message":"Error de autenticación. El token no pudo ser verificado 4/11/2024, 7:19:32 PM"}
{"level":"error","message":"Error de autenticación. El token no pudo ser verificado 4/11/2024, 7:19:32 PM"}
{"level":"error","message":"Error de autenticación. El token no pudo ser verificado 4/11/2024, 7:19:32 PM"}
{"level":"error","message":"Error de autenticación. El token no pudo ser verificado 4/11/2024, 7:19:32 PM"}
{"level":"error","message":"Error de autenticación. El token no pudo ser verificado 4/11/2024, 7:19:32 PM"}
{"level":"error","message":"Error de autenticación. El token no pudo ser verificado 4/11/2024, 7:19:33 PM"}
{"level":"error","message":"Error de autenticación. El token no pudo ser verificado 4/11/2024, 7:19:33 PM"}
{"level":"error","message":"Error de autenticación. El token no pudo ser verificado 4/11/2024, 7:19:33 PM"}
{"level":"error","message":"Error de autenticación. El token no pudo ser verificado 4/11/2024, 7:19:33 PM"}
{"level":"error","message":"Error de autenticación. El token no pudo ser verificado 4/11/2024, 7:19:33 PM"}
{"level":"error","message":"Error de autenticación. El token no pudo ser verificado 4/11/2024, 7:19:33 PM"}
{"level":"error","message":"Error de autenticación. El token no pudo ser verificado 4/11/2024, 7:19:33 PM"}
{"level":"error","message":"Error de autenticación. El token no pudo ser verificado 4/11/2024, 7:19:33 PM"}
{"level":"error","message":"Error de autenticación. El token no pudo ser verificado 4/11/2024, 7:19:34 PM"}
{"level":"error","message":"Error de autenticación. El token no pudo ser verificado 4/11/2024, 7:19:34 PM"}
{"level":"error","message":"Error de autenticación. El token no pudo ser verificado 4/11/2024, 7:19:34 PM"}
{"level":"error","message":"Error de autenticación. El token no pudo ser verificado 4/11/2024, 7:19:34 PM"}
{"level":"error","message":"Error de autenticación. El token no pudo ser verificado 4/11/2024, 7:19:35 PM"}
{"level":"error","message":"Error de autenticación. El token no pudo ser verificado 4/11/2024, 7:19:35 PM"}
{"level":"error","message":"Error de autenticación. El token no pudo ser verificado 4/11/2024, 7:19:35 PM"}
{"level":"error","message":"Error de autenticación. El token no pudo ser verificado 4/11/2024, 7:19:35 PM"}
{"level":"error","message":"Error de autenticación. El token no pudo ser verificado 4/11/2024, 7:19:35 PM"}
{"level":"error","message":"Error de autenticación. El token no pudo ser verificado 4/11/2024, 7:19:35 PM"}
{"level":"error","message":"Error de autenticación. El token no pudo ser verificado 4/11/2024, 7:19:35 PM"}
{"level":"error","message":"Error de autenticación. El token no pudo ser verificado 4/11/2024, 7:19:35 PM"}
{"level":"error","message":"Error de autenticación. El token no pudo ser verificado 4/11/2024, 7:19:36 PM"}
{"level":"error","message":"Error de autenticación. El token no pudo ser verificado 4/11/2024, 7:19:36 PM"}
{"level":"error","message":"Error de autenticación. El token no pudo ser verificado 4/11/2024, 7:19:36 PM"}
{"level":"error","message":"Error de autenticación. El token no pudo ser verificado 4/11/2024, 7:19:36 PM"}
{"level":"error","message":"Error de autenticación. El token no pudo ser verificado 4/11/2024, 7:19:37 PM"}
{"level":"error","message":"Error de autenticación. El token no pudo ser verificado 4/11/2024, 7:19:37 PM"}
{"level":"error","message":"Error de autenticación. El token no pudo ser verificado 4/11/2024, 7:19:37 PM"}
{"level":"error","message":"Error de autenticación. El token no pudo ser verificado 4/11/2024, 7:19:37 PM"}
{"level":"error","message":"Error de autenticación. El token no pudo ser verificado 4/11/2024, 7:19:37 PM"}
{"level":"error","message":"Error de autenticación. El token no pudo ser verificado 4/11/2024, 7:19:37 PM"}
{"level":"error","message":"Error de autenticación. El token no pudo ser verificado 4/11/2024, 7:19:38 PM"}
{"level":"error","message":"Error de autenticación. El token no pudo ser verificado 4/11/2024, 7:19:38 PM"}
{"level":"error","message":"Error de autenticación. El token no pudo ser verificado 4/11/2024, 7:19:38 PM"}
{"level":"error","message":"Error de autenticación. El token no pudo ser verificado 4/11/2024, 7:19:38 PM"}
{"level":"error","message":"Error de autenticación. El token no pudo ser verificado 4/11/2024, 7:19:38 PM"}
{"level":"error","message":"Error de autenticación. El token no pudo ser verificado 4/11/2024, 7:19:38 PM"}
{"level":"error","message":"Error de autenticación. El token no pudo ser verificado 4/11/2024, 7:19:39 PM"}
{"level":"error","message":"Error de autenticación. El token no pudo ser verificado 4/11/2024, 7:19:39 PM"}
{"level":"error","message":"Error de autenticación. El token no pudo ser verificado 4/11/2024, 7:19:39 PM"}
{"level":"error","message":"Error de autenticación. El token no pudo ser verificado 4/11/2024, 7:19:39 PM"}
{"level":"error","message":"Error de autenticación. El token no pudo ser verificado 4/11/2024, 7:19:40 PM"}
{"level":"error","message":"Error de autenticación. El token no pudo ser verificado 4/11/2024, 7:19:40 PM"}
{"level":"error","message":"Error de autenticación. El token no pudo ser verificado 4/11/2024, 7:19:40 PM"}
{"level":"error","message":"Error de autenticación. El token no pudo ser verificado 4/11/2024, 7:19:40 PM"}
{"level":"error","message":"Error de autenticación. El token no pudo ser verificado 4/11/2024, 7:19:40 PM"}
{"level":"error","message":"Error de autenticación. El token no pudo ser verificado 4/11/2024, 7:19:40 PM"}
{"level":"error","message":"Error de autenticación. El token no pudo ser verificado 4/11/2024, 7:19:41 PM"}
{"level":"error","message":"Error de autenticación. El token no pudo ser verificado 4/11/2024, 7:19:41 PM"}
{"level":"error","message":"Error de autenticación. El token no pudo ser verificado 4/11/2024, 7:19:41 PM"}
{"level":"error","message":"Error de autenticación. El token no pudo ser verificado 4/11/2024, 7:19:41 PM"}
{"level":"error","message":"Error de autenticación. El token no pudo ser verificado 4/11/2024, 7:19:41 PM"}
{"level":"error","message":"Error de autenticación. El token no pudo ser verificado 4/11/2024, 7:19:41 PM"}
{"level":"error","message":"Error de autenticación. El token no pudo ser verificado 4/11/2024, 7:19:42 PM"}
{"level":"error","message":"Error de autenticación. El token no pudo ser verificado 4/11/2024, 7:19:42 PM"}
{"level":"error","message":"Error de autenticación. El token no pudo ser verificado 4/11/2024, 7:19:42 PM"}
{"level":"error","message":"Error de autenticación. El token no pudo ser verificado 4/11/2024, 7:19:42 PM"}
{"level":"error","message":"Error de autenticación. El token no pudo ser verificado 4/11/2024, 7:19:43 PM"}
{"level":"error","message":"Error de autenticación. El token no pudo ser verificado 4/11/2024, 7:19:43 PM"}
{"level":"error","message":"Error de autenticación. El token no pudo ser verificado 4/11/2024, 7:19:43 PM"}
{"level":"error","message":"Error de autenticación. El token no pudo ser verificado 4/11/2024, 7:19:43 PM"}
{"level":"error","message":"Error de autenticación. El token no pudo ser verificado 4/11/2024, 7:19:43 PM"}
{"level":"error","message":"Error de autenticación. El token no pudo ser verificado 4/11/2024, 7:19:43 PM"}
{"level":"error","message":"Error de autenticación. El token no pudo ser verificado 4/11/2024, 7:19:44 PM"}
{"level":"error","message":"Error de autenticación. El token no pudo ser verificado 4/11/2024, 7:19:44 PM"}
{"level":"error","message":"Error de autenticación. El token no pudo ser verificado 4/11/2024, 7:19:44 PM"}
{"level":"error","message":"Error de autenticación. El token no pudo ser verificado 4/11/2024, 7:19:44 PM"}
{"level":"error","message":"Error de autenticación. El token no pudo ser verificado 4/11/2024, 7:19:45 PM"}
{"level":"error","message":"Error de autenticación. El token no pudo ser verificado 4/11/2024, 7:19:45 PM"}
{"level":"error","message":"Error de autenticación. El token no pudo ser verificado 4/11/2024, 7:19:45 PM"}
{"level":"error","message":"Error de autenticación. El token no pudo ser verificado 4/11/2024, 7:19:45 PM"}
{"level":"error","message":"Error de autenticación. El token no pudo ser verificado 4/11/2024, 7:19:46 PM"}
{"level":"error","message":"Error de autenticación. El token no pudo ser verificado 4/11/2024, 7:19:46 PM"}
{"level":"error","message":"Error de autenticación. El token no pudo ser verificado 4/11/2024, 7:19:47 PM"}
{"level":"error","message":"Error de autenticación. El token no pudo ser verificado 4/11/2024, 7:19:47 PM"}
{"level":"error","message":"Error de autenticación. El token no pudo ser verificado 4/11/2024, 7:19:47 PM"}
{"level":"error","message":"Error de autenticación. El token no pudo ser verificado 4/11/2024, 7:19:47 PM"}
{"level":"error","message":"Error de autenticación. El token no pudo ser verificado 4/11/2024, 7:19:47 PM"}
{"level":"error","message":"Error de autenticación. El token no pudo ser verificado 4/11/2024, 7:19:47 PM"}
{"level":"error","message":"Error de autenticación. El token no pudo ser verificado 4/11/2024, 7:19:47 PM"}
{"level":"error","message":"Error de autenticación. El token no pudo ser verificado 4/11/2024, 7:19:48 PM"}
{"level":"error","message":"Error de autenticación. El token no pudo ser verificado 4/11/2024, 7:19:48 PM"}
{"level":"error","message":"Error de autenticación. El token no pudo ser verificado 4/11/2024, 7:19:48 PM"}
{"level":"error","message":"Error de autenticación. El token no pudo ser verificado 4/11/2024, 7:19:48 PM"}
{"level":"error","message":"Error de autenticación. El token no pudo ser verificado 4/11/2024, 7:19:48 PM"}
{"level":"error","message":"Error de autenticación. El token no pudo ser verificado 4/11/2024, 7:19:49 PM"}
{"level":"error","message":"Error de autenticación. El token no pudo ser verificado 4/11/2024, 7:19:49 PM"}
{"level":"error","message":"Error de autenticación. El token no pudo ser verificado 4/11/2024, 7:19:49 PM"}
{"level":"error","message":"Error de autenticación. El token no pudo ser verificado 4/11/2024, 7:19:49 PM"}
{"level":"error","message":"Error de autenticación. El token no pudo ser verificado 4/11/2024, 7:19:50 PM"}
{"level":"error","message":"Error de autenticación. El token no pudo ser verificado 4/11/2024, 7:19:50 PM"}
{"level":"error","message":"Error de autenticación. El token no pudo ser verificado 4/11/2024, 7:19:50 PM"}
{"level":"error","message":"Error de autenticación. El token no pudo ser verificado 4/11/2024, 7:19:50 PM"}
{"level":"error","message":"Error de autenticación. El token no pudo ser verificado 4/11/2024, 7:19:51 PM"}
{"level":"error","message":"Error de autenticación. El token no pudo ser verificado 4/11/2024, 7:19:51 PM"}
{"level":"error","message":"Error de autenticación. El token no pudo ser verificado 4/11/2024, 7:19:51 PM"}
{"level":"error","message":"Error de autenticación. El token no pudo ser verificado 4/11/2024, 7:19:51 PM"}
{"level":"error","message":"Error de autenticación. El token no pudo ser verificado 4/11/2024, 7:19:52 PM"}
{"level":"error","message":"Error de autenticación. El token no pudo ser verificado 4/11/2024, 7:19:52 PM"}
{"level":"error","message":"Error de autenticación. El token no pudo ser verificado 4/11/2024, 7:19:52 PM"}
{"level":"error","message":"Error de autenticación. El token no pudo ser verificado 4/11/2024, 7:19:52 PM"}
{"level":"error","message":"Error de autenticación. El token no pudo ser verificado 4/11/2024, 7:19:53 PM"}
{"level":"error","message":"Error de autenticación. El token no pudo ser verificado 4/11/2024, 7:19:53 PM"}
{"level":"error","message":"Error de autenticación. El token no pudo ser verificado 4/11/2024, 7:19:53 PM"}
{"level":"error","message":"Error de autenticación. El token no pudo ser verificado 4/11/2024, 7:19:53 PM"}
{"level":"error","message":"Error de autenticación. El token no pudo ser verificado 4/11/2024, 7:19:55 PM"}
{"level":"error","message":"Error de autenticación. El token no pudo ser verificado 4/11/2024, 7:19:55 PM"}
{"level":"error","message":"Error de autenticación. El token no pudo ser verificado 4/11/2024, 7:19:55 PM"}
{"level":"error","message":"Error de autenticación. El token no pudo ser verificado 4/11/2024, 7:19:55 PM"}
{"level":"error","message":"Error de autenticación. El token no pudo ser verificado 4/11/2024, 7:19:55 PM"}
{"level":"error","message":"Error de autenticación. El token no pudo ser verificado 4/11/2024, 7:19:55 PM"}
{"level":"error","message":"Error de autenticación. El token no pudo ser verificado 4/11/2024, 7:19:55 PM"}
{"level":"error","message":"Error de autenticación. El token no pudo ser verificado 4/11/2024, 7:19:56 PM"}
{"level":"error","message":"Error de autenticación. El token no pudo ser verificado 4/11/2024, 7:19:57 PM"}
{"level":"error","message":"Error de autenticación. El token no pudo ser verificado 4/11/2024, 7:19:57 PM"}
{"level":"error","message":"Error de autenticación. El token no pudo ser verificado 4/11/2024, 7:19:57 PM"}
{"level":"error","message":"Error de autenticación. El token no pudo ser verificado 4/11/2024, 7:19:57 PM"}
{"level":"error","message":"Error de autenticación. El token no pudo ser verificado 4/11/2024, 7:19:57 PM"}
{"level":"error","message":"Error de autenticación. El token no pudo ser verificado 4/11/2024, 7:19:57 PM"}
{"level":"error","message":"Error de autenticación. El token no pudo ser verificado 4/11/2024, 7:19:57 PM"}
{"level":"error","message":"Error de autenticación. El token no pudo ser verificado 4/11/2024, 7:19:57 PM"}
{"level":"error","message":"Error de autenticación. El token no pudo ser verificado 4/11/2024, 7:19:58 PM"}
{"level":"error","message":"Error de autenticación. El token no pudo ser verificado 4/11/2024, 7:19:58 PM"}
{"level":"error","message":"Error de autenticación. El token no pudo ser verificado 4/11/2024, 7:19:58 PM"}
{"level":"error","message":"Error de autenticación. El token no pudo ser verificado 4/11/2024, 7:19:58 PM"}
{"level":"error","message":"Error de autenticación. El token no pudo ser verificado 4/11/2024, 7:19:59 PM"}
{"level":"error","message":"Error de autenticación. El token no pudo ser verificado 4/11/2024, 7:19:59 PM"}
{"level":"error","message":"Error de autenticación. El token no pudo ser verificado 4/11/2024, 7:19:59 PM"}
{"level":"error","message":"Error de autenticación. El token no pudo ser verificado 4/11/2024, 7:19:59 PM"}
{"level":"error","message":"Error de autenticación. El token no pudo ser verificado 4/11/2024, 7:20:00 PM"}
{"level":"error","message":"Error de autenticación. El token no pudo ser verificado 4/11/2024, 7:20:00 PM"}
{"level":"error","message":"Error de autenticación. El token no pudo ser verificado 4/11/2024, 7:20:00 PM"}
{"level":"error","message":"Error de autenticación. El token no pudo ser verificado 4/11/2024, 7:20:00 PM"}
{"level":"error","message":"Error de autenticación. El token no pudo ser verificado 4/11/2024, 7:20:01 PM"}
{"level":"error","message":"Error de autenticación. El token no pudo ser verificado 4/11/2024, 7:20:01 PM"}
{"level":"error","message":"Error de autenticación. El token no pudo ser verificado 4/11/2024, 7:20:01 PM"}
{"level":"error","message":"Error de autenticación. El token no pudo ser verificado 4/11/2024, 7:20:01 PM"}
{"level":"error","message":"Error de autenticación. El token no pudo ser verificado 4/11/2024, 7:20:01 PM"}
{"level":"error","message":"Error de autenticación. El token no pudo ser verificado 4/11/2024, 7:20:01 PM"}
{"level":"error","message":"Error de autenticación. El token no pudo ser verificado 4/11/2024, 7:20:02 PM"}
{"level":"error","message":"Error de autenticación. El token no pudo ser verificado 4/11/2024, 7:20:02 PM"}
{"level":"error","message":"Error de autenticación. El token no pudo ser verificado 4/11/2024, 7:20:02 PM"}
{"level":"error","message":"Error de autenticación. El token no pudo ser verificado 4/11/2024, 7:20:02 PM"}
{"level":"error","message":"Error de autenticación. El token no pudo ser verificado 4/11/2024, 7:20:02 PM"}
{"level":"error","message":"Error de autenticación. El token no pudo ser verificado 4/11/2024, 7:20:02 PM"}
{"level":"error","message":"Error de autenticación. El token no pudo ser verificado 4/11/2024, 7:20:03 PM"}
{"level":"error","message":"Error de autenticación. El token no pudo ser verificado 4/11/2024, 7:20:03 PM"}
{"level":"error","message":"Error de autenticación. El token no pudo ser verificado 4/11/2024, 7:20:03 PM"}
{"level":"error","message":"Error de autenticación. El token no pudo ser verificado 4/11/2024, 7:20:03 PM"}
{"level":"error","message":"Error de autenticación. El token no pudo ser verificado 4/11/2024, 7:20:04 PM"}
{"level":"error","message":"Error de autenticación. El token no pudo ser verificado 4/11/2024, 7:20:04 PM"}
{"level":"error","message":"Error de autenticación. El token no pudo ser verificado 4/11/2024, 7:20:04 PM"}
{"level":"error","message":"Error de autenticación. El token no pudo ser verificado 4/11/2024, 7:20:04 PM"}
{"level":"error","message":"Error de autenticación. El token no pudo ser verificado 4/11/2024, 7:20:05 PM"}
{"level":"error","message":"Error de autenticación. El token no pudo ser verificado 4/11/2024, 7:20:05 PM"}
{"level":"error","message":"Error de autenticación. El token no pudo ser verificado 4/11/2024, 7:20:05 PM"}
{"level":"error","message":"Error de autenticación. El token no pudo ser verificado 4/11/2024, 7:20:05 PM"}
{"level":"error","message":"Error de autenticación. El token no pudo ser verificado 4/11/2024, 7:20:06 PM"}
{"level":"error","message":"Error de autenticación. El token no pudo ser verificado 4/11/2024, 7:20:06 PM"}
{"level":"error","message":"Error de autenticación. El token no pudo ser verificado 4/11/2024, 7:20:06 PM"}
{"level":"error","message":"Error de autenticación. El token no pudo ser verificado 4/11/2024, 7:20:06 PM"}
{"level":"error","message":"Error de autenticación. El token no pudo ser verificado 4/11/2024, 7:20:07 PM"}
{"level":"error","message":"Error de autenticación. El token no pudo ser verificado 4/11/2024, 7:20:07 PM"}
{"level":"error","message":"Error de autenticación. El token no pudo ser verificado 4/11/2024, 7:20:07 PM"}
{"level":"error","message":"Error de autenticación. El token no pudo ser verificado 4/11/2024, 7:20:07 PM"}
{"level":"error","message":"Error de autenticación. El token no pudo ser verificado 4/11/2024, 7:20:08 PM"}
{"level":"error","message":"Error de autenticación. El token no pudo ser verificado 4/11/2024, 7:20:08 PM"}
{"level":"error","message":"Error de autenticación. El token no pudo ser verificado 4/11/2024, 7:20:08 PM"}
{"level":"error","message":"Error de autenticación. El token no pudo ser verificado 4/11/2024, 7:20:08 PM"}
{"level":"error","message":"Error de autenticación. El token no pudo ser verificado 4/11/2024, 7:20:09 PM"}
{"level":"error","message":"Error de autenticación. El token no pudo ser verificado 4/11/2024, 7:20:09 PM"}
{"level":"error","message":"Error de autenticación. El token no pudo ser verificado 4/11/2024, 7:20:09 PM"}
{"level":"error","message":"Error de autenticación. El token no pudo ser verificado 4/11/2024, 7:20:09 PM"}
{"level":"error","message":"Error de autenticación. El token no pudo ser verificado 4/11/2024, 7:20:10 PM"}
{"level":"error","message":"Error de autenticación. El token no pudo ser verificado 4/11/2024, 7:20:10 PM"}
{"level":"error","message":"Error de autenticación. El token no pudo ser verificado 4/11/2024, 7:20:10 PM"}
{"level":"error","message":"Error de autenticación. El token no pudo ser verificado 4/11/2024, 7:20:10 PM"}
{"level":"error","message":"Error de autenticación. El token no pudo ser verificado 4/11/2024, 7:20:11 PM"}
{"level":"error","message":"Error de autenticación. El token no pudo ser verificado 4/11/2024, 7:20:11 PM"}
{"level":"error","message":"Error de autenticación. El token no pudo ser verificado 4/11/2024, 7:20:11 PM"}
{"level":"error","message":"Error de autenticación. El token no pudo ser verificado 4/11/2024, 7:20:11 PM"}
{"level":"error","message":"Error de autenticación. El token no pudo ser verificado 4/11/2024, 7:20:11 PM"}
{"level":"error","message":"Error de autenticación. El token no pudo ser verificado 4/11/2024, 7:20:11 PM"}
{"level":"error","message":"Error de autenticación. El token no pudo ser verificado 4/11/2024, 7:20:11 PM"}
{"level":"error","message":"Error de autenticación. El token no pudo ser verificado 4/11/2024, 7:20:11 PM"}
{"level":"error","message":"Error de autenticación. El token no pudo ser verificado 4/11/2024, 7:20:12 PM"}
{"level":"error","message":"Error de autenticación. El token no pudo ser verificado 4/11/2024, 7:20:12 PM"}
{"level":"error","message":"Error de autenticación. El token no pudo ser verificado 4/11/2024, 7:20:12 PM"}
{"level":"error","message":"Error de autenticación. El token no pudo ser verificado 4/11/2024, 7:20:12 PM"}
{"level":"error","message":"Error de autenticación. El token no pudo ser verificado 4/11/2024, 7:20:13 PM"}
{"level":"error","message":"Error de autenticación. El token no pudo ser verificado 4/11/2024, 7:20:13 PM"}
{"level":"error","message":"Error de autenticación. El token no pudo ser verificado 4/11/2024, 7:20:13 PM"}
{"level":"error","message":"Error de autenticación. El token no pudo ser verificado 4/11/2024, 7:20:13 PM"}
{"level":"error","message":"Error de autenticación. El token no pudo ser verificado 4/11/2024, 7:20:14 PM"}
{"level":"error","message":"Error de autenticación. El token no pudo ser verificado 4/11/2024, 7:20:14 PM"}
{"level":"error","message":"Error de autenticación. El token no pudo ser verificado 4/11/2024, 7:20:14 PM"}
{"level":"error","message":"Error de autenticación. El token no pudo ser verificado 4/11/2024, 7:20:14 PM"}
{"level":"error","message":"Error de autenticación. El token no pudo ser verificado 4/11/2024, 7:20:14 PM"}
{"level":"error","message":"Error de autenticación. El token no pudo ser verificado 4/11/2024, 7:20:14 PM"}
{"level":"error","message":"Error de autenticación. El token no pudo ser verificado 4/11/2024, 7:20:15 PM"}
{"level":"error","message":"Error de autenticación. El token no pudo ser verificado 4/11/2024, 7:20:15 PM"}
{"level":"error","message":"Error de autenticación. El token no pudo ser verificado 4/11/2024, 7:20:15 PM"}
{"level":"error","message":"Error de autenticación. El token no pudo ser verificado 4/11/2024, 7:20:15 PM"}
{"level":"error","message":"Error de autenticación. El token no pudo ser verificado 4/11/2024, 7:20:16 PM"}
{"level":"error","message":"Error de autenticación. El token no pudo ser verificado 4/11/2024, 7:20:16 PM"}
{"level":"error","message":"Error de autenticación. El token no pudo ser verificado 4/11/2024, 7:20:16 PM"}
{"level":"error","message":"Error de autenticación. El token no pudo ser verificado 4/11/2024, 7:20:16 PM"}
{"level":"error","message":"Error de autenticación. El token no pudo ser verificado 4/11/2024, 7:20:16 PM"}
{"level":"error","message":"Error de autenticación. El token no pudo ser verificado 4/11/2024, 7:20:16 PM"}
{"level":"error","message":"Error de autenticación. El token no pudo ser verificado 4/11/2024, 7:20:17 PM"}
{"level":"error","message":"Error de autenticación. El token no pudo ser verificado 4/11/2024, 7:20:17 PM"}
{"level":"error","message":"Error de autenticación. El token no pudo ser verificado 4/11/2024, 7:20:17 PM"}
{"level":"error","message":"Error de autenticación. El token no pudo ser verificado 4/11/2024, 7:20:17 PM"}
{"level":"error","message":"Error de autenticación. El token no pudo ser verificado 4/11/2024, 7:20:18 PM"}
{"level":"error","message":"Error de autenticación. El token no pudo ser verificado 4/11/2024, 7:20:18 PM"}
{"level":"error","message":"Error de autenticación. El token no pudo ser verificado 4/11/2024, 7:20:19 PM"}
{"level":"error","message":"Error de autenticación. El token no pudo ser verificado 4/11/2024, 7:20:19 PM"}
{"level":"error","message":"Error de autenticación. El token no pudo ser verificado 4/11/2024, 7:20:19 PM"}
{"level":"error","message":"Error de autenticación. El token no pudo ser verificado 4/11/2024, 7:20:19 PM"}
{"level":"error","message":"Error de autenticación. El token no pudo ser verificado 4/11/2024, 7:20:19 PM"}
{"level":"error","message":"Error de autenticación. El token no pudo ser verificado 4/11/2024, 7:20:19 PM"}
{"level":"error","message":"Error de autenticación. El token no pudo ser verificado 4/11/2024, 7:20:20 PM"}
{"level":"error","message":"Error de autenticación. El token no pudo ser verificado 4/11/2024, 7:20:20 PM"}
{"level":"error","message":"Error de autenticación. El token no pudo ser verificado 4/11/2024, 7:20:20 PM"}
{"level":"error","message":"Error de autenticación. El token no pudo ser verificado 4/11/2024, 7:20:20 PM"}
{"level":"error","message":"Error de autenticación. El token no pudo ser verificado 4/11/2024, 7:20:21 PM"}
{"level":"error","message":"Error de autenticación. El token no pudo ser verificado 4/11/2024, 7:20:21 PM"}
{"level":"error","message":"Error de autenticación. El token no pudo ser verificado 4/11/2024, 7:20:21 PM"}
{"level":"error","message":"Error de autenticación. El token no pudo ser verificado 4/11/2024, 7:20:21 PM"}
{"level":"error","message":"Error de autenticación. El token no pudo ser verificado 4/11/2024, 7:20:22 PM"}
{"level":"error","message":"Error de autenticación. El token no pudo ser verificado 4/11/2024, 7:20:22 PM"}
{"level":"error","message":"Error de autenticación. El token no pudo ser verificado 4/11/2024, 7:20:23 PM"}
{"level":"error","message":"Error de autenticación. El token no pudo ser verificado 4/11/2024, 7:20:23 PM"}
{"level":"error","message":"Error de autenticación. El token no pudo ser verificado 4/11/2024, 7:20:23 PM"}
{"level":"error","message":"Error de autenticación. El token no pudo ser verificado 4/11/2024, 7:20:23 PM"}
{"level":"error","message":"Error de autenticación. El token no pudo ser verificado 4/11/2024, 7:20:23 PM"}
{"level":"error","message":"Error de autenticación. El token no pudo ser verificado 4/11/2024, 7:20:23 PM"}
{"level":"error","message":"Error de autenticación. El token no pudo ser verificado 4/11/2024, 7:20:24 PM"}
{"level":"error","message":"Error de autenticación. El token no pudo ser verificado 4/11/2024, 7:20:24 PM"}
{"level":"error","message":"Error de autenticación. El token no pudo ser verificado 4/11/2024, 7:20:24 PM"}
{"level":"error","message":"Error de autenticación. El token no pudo ser verificado 4/11/2024, 7:20:24 PM"}
{"level":"error","message":"Error de autenticación. El token no pudo ser verificado 4/11/2024, 7:20:25 PM"}
{"level":"error","message":"Error de autenticación. El token no pudo ser verificado 4/11/2024, 7:20:25 PM"}
{"level":"error","message":"Error de autenticación. El token no pudo ser verificado 4/11/2024, 7:20:25 PM"}
{"level":"error","message":"Error de autenticación. El token no pudo ser verificado 4/11/2024, 7:20:25 PM"}
{"level":"error","message":"Error de autenticación. El token no pudo ser verificado 4/11/2024, 7:20:26 PM"}
{"level":"error","message":"Error de autenticación. El token no pudo ser verificado 4/11/2024, 7:20:26 PM"}
{"level":"error","message":"Error de autenticación. El token no pudo ser verificado 4/11/2024, 7:20:27 PM"}
{"level":"error","message":"Error de autenticación. El token no pudo ser verificado 4/11/2024, 7:20:27 PM"}
{"level":"error","message":"Error de autenticación. El token no pudo ser verificado 4/11/2024, 7:20:28 PM"}
{"level":"error","message":"Error de autenticación. El token no pudo ser verificado 4/11/2024, 7:20:28 PM"}
{"level":"error","message":"Error de autenticación. El token no pudo ser verificado 4/11/2024, 7:20:28 PM"}
{"level":"error","message":"Error de autenticación. El token no pudo ser verificado 4/11/2024, 7:20:29 PM"}
